正在获取热门仓库...
处理仓库 1/20: torvalds/GuitarPedal
处理仓库 2/20: GothemU/Gift-Buyer-Tg
处理仓库 3/20: comfy-deploy/comfydeploy
处理仓库 4/20: pingooio/pingoo
处理仓库 5/20: google-deepmind/gemini_icpc2025
处理仓库 6/20: darklight797t6/TradingView-PCapp
处理仓库 7/20: gilshan-s/ECE_F_CRT_PYTHON
处理仓库 8/20: 1andOnly-AI/OnlineGen
处理仓库 9/20: AndresDevelopes/1A-OneClick
处理仓库 10/20: mschneider456/worldexplorer
处理仓库 11/20: usgraphics/usgc-invoice
处理仓库 12/20: synth-vids/ai-vids
处理仓库 13/20: SonicRelic33/ai-vidss
处理仓库 14/20: Perseus333/daedalus-keyboard
处理仓库 15/20: parka-x/ai-video
处理仓库 16/20: huynhas/Telegram-Users-Adder
处理仓库 17/20: u236/homed-wiki
处理仓库 18/20: ai-joon/autozero-gpt
处理仓库 19/20: Benevdx/maisti_teste
处理仓库 20/20: KartikLabhshetwar/lazycommit
数据已保存到 /app/data/github_trending_20250918_053736.json
成功获取 20 个热门仓库的详细信息
