正在获取热门仓库...
处理仓库 1/20: pranshuparmar/witr
处理仓库 2/20: steveyegge/gastown
处理仓库 3/20: fengshao1227/ccg-workflow
处理仓库 4/20: Adversis/tailsnitch
处理仓库 5/20: dennisyang1986/opensqt_market_maker
处理仓库 6/20: Wei-Shaw/sub2api
处理仓库 7/20: shridarpatil/whatomate
处理仓库 8/20: moasq/production-saas-starter
处理仓库 9/20: aqstack/sentinel
处理仓库 10/20: open-experiments/agent-exchange
处理仓库 11/20: leereilly/gh-yule-log
处理仓库 12/20: kubeden/clopus-watcher
处理仓库 13/20: pipethedev/distributed-system-algorithms
处理仓库 14/20: k1LoW/git-wt
处理仓库 15/20: paramientos/presto
处理仓库 16/20: bschaatsbergen/cek
处理仓库 17/20: nook24/lagident
处理仓库 18/20: aqstack/mimir
处理仓库 19/20: sardanioss/httpcloak
处理仓库 20/20: goforj/str
数据已保存到 /app/data/github_trending_20260113_025241.json
成功获取 20 个热门仓库的详细信息
