正在获取热门仓库...
处理仓库 1/20: Feynix2004/Quill-AI
处理仓库 2/20: bkhtmltopdf/bkhtmltopdf
处理仓库 3/20: Feynix2004/API-Premium-Gateway
处理仓库 4/20: GoldenglowSusie/MiRearScreenSwitcher
处理仓库 5/20: cuongnh28/spring-microservices-blueprint
处理仓库 6/20: vvb2060/Ims
获取仓库 vvb2060/Ims README 失败: 404 Client Error: Not Found for url: https://api.github.com/repos/vvb2060/Ims/readme
处理仓库 7/20: michalbednarski/ResourcePoison
处理仓库 8/20: DuanYan007/markitdown-java
处理仓库 9/20: matheuslf/dev.matheuslf.desafio.inscritos
处理仓库 10/20: zhzhdoai/flowspot-intellij-plugin
处理仓库 11/20: sunilpaulmathew/AppVaultX
处理仓库 12/20: Catfriend1/syncthing-android
处理仓库 13/20: alanni-tom/Turacos
处理仓库 14/20: Turbo1123/TurboIMS
处理仓库 15/20: michalbednarski/AbxOverflow
处理仓库 16/20: pmagixc/LunaGC
处理仓库 17/20: michalbednarski/ThisSeemsWrong
处理仓库 18/20: vevc/java-xah
处理仓库 19/20: NEORUAA/XHS_Downloader_Android
处理仓库 20/20: kuafuai/aipexbase
数据已保存到 /app/data/github_trending_20251105_022822.json
成功获取 20 个热门仓库的详细信息
