正在获取热门仓库...
处理仓库 1/20: gingerBill/titania
处理仓库 2/20: h9-tec/Intelligent_Customer_Agents
处理仓库 3/20: DavidLiedle/DriftDB
处理仓库 4/20: midday-ai/ai-sdk-zustand
处理仓库 5/20: zOom239boOSt687kick/Trading-Bot_Mev_Local_PC
处理仓库 6/20: daSHymxBy217night/smart-contracts-and-mev-bot-deployer
处理仓库 7/20: suninadlibapiba/hwid-spoofer-guide
处理仓库 8/20: mroboff/omarchy-on-cachyos
处理仓库 9/20: praneethavaranasi/MediLogic
处理仓库 10/20: lLuiizx/Extreme-DLL-Injection-Windows
处理仓库 11/20: jaapp/smart-grind-by-weight
处理仓库 12/20: hmtutul/Process-Hacker-2-39
处理仓库 13/20: furkananter/react-native-shimmer-text
处理仓库 14/20: enzomanuelmangano/expo-color-space-plugin
处理仓库 15/20: Antonoko/oh-my-logo-CJK
处理仓库 16/20: CSDC-K/Note-Pad-----8-5
处理仓库 17/20: ShadeSerpentX78/ai-vids
处理仓库 18/20: seshakiran/learn-ai-in-12-weeks
处理仓库 19/20: YASIN-759/KMS-Pico-Portable-Version
处理仓库 20/20: Pirikota/KMS-Pico-Portable-Vers-2
数据已保存到 /app/data/github_trending_20250915_221039.json
成功获取 20 个热门仓库的详细信息
