正在获取热门仓库...
处理仓库 1/20: spring-ai-alibaba/AssistantAgent
处理仓库 2/20: cxOrz/AnyWhere
处理仓库 3/20: noVibe/DnsConf
处理仓库 4/20: suyunkai/EVCam
处理仓库 5/20: qingzhou-dev/push-server
处理仓库 6/20: LeanBitLab/HeliboardL
处理仓库 7/20: hawolt/twitch-adblock
处理仓库 8/20: Kaupenjoe/Hytale-Example-Plugin
处理仓库 9/20: basic-framework/web-backend
处理仓库 10/20: Open-Commerce-Protocol/ucp-sdk-java
处理仓库 11/20: kusoroadeolu/annote
处理仓库 12/20: ray-em/openmrs-core
处理仓库 13/20: Aizistral-Studios/No-Chat-Restrictions
处理仓库 14/20: spring-ai-community/spring-ai-agent-utils
处理仓库 15/20: Qeccentric/GlobalTraveling
处理仓库 16/20: ScriptedAlchemy/robinhood-decompiled
处理仓库 17/20: sammwyy/Hytale-Plugin-Examples
处理仓库 18/20: Partha-Sharathy-K/aws-auth-project
获取仓库 Partha-Sharathy-K/aws-auth-project README 失败: 404 Client Error: Not Found for url: https://api.github.com/repos/Partha-Sharathy-K/aws-auth-project/readme
处理仓库 19/20: cwuom/WeKit
处理仓库 20/20: Ranork/Hytale-Server-Unpacked
数据已保存到 /app/data/github_trending_20260204_032738.json
成功获取 20 个热门仓库的详细信息
