正在获取热门仓库...
处理仓库 1/20: plutov/oq
处理仓库 2/20: go-kratos/blades
处理仓库 3/20: subnetmarco/pgmcp
处理仓库 4/20: DeprecatedLuar/better-curl-saul
处理仓库 5/20: unkn0wn-root/resterm
处理仓库 6/20: Print3M/ByteCaster
处理仓库 7/20: bingcicle/friendly-potato
处理仓库 8/20: PrathxmOp/dab-downloader
处理仓库 9/20: whyrusleeping/konbini
处理仓库 10/20: strandnerd/tunn
处理仓库 11/20: VirtueSecurity/IAMhounddog
处理仓库 12/20: beankeji-cloud/SLiteIO
处理仓库 13/20: itzCozi/devbox
处理仓库 14/20: guardian-nexus/auditkit
处理仓库 15/20: Rodert/go-commons
处理仓库 16/20: dunglas/frankenphp-grpc
处理仓库 17/20: home-operations/tuppr
处理仓库 18/20: KingOfBugbounty/s3tk
处理仓库 19/20: sshllm/sshai
处理仓库 20/20: chinmay-sawant/gomindmapper
数据已保存到 /app/data/github_trending_20251007_021742.json
成功获取 20 个热门仓库的详细信息
