正在获取热门仓库...
处理仓库 1/20: lbjlaq/Antigravity-Manager
处理仓库 2/20: bountyyfi/lonkero
处理仓库 3/20: aiclientproxy/proxycast
处理仓库 4/20: terauss/Polymarket-Kalshi-Arbitrage-bot
处理仓库 5/20: khaphanspace/gonhanh.org
处理仓库 6/20: stoolap/stoolap
处理仓库 7/20: taetaehoho/poly-kalshi-arb
处理仓库 8/20: hanebox/ekphos
处理仓库 9/20: fcoury/tsql
处理仓库 10/20: jgarzik/hk
处理仓库 11/20: rclone-ui/rclone-sdk
处理仓库 12/20: ox01024/cmirror
处理仓库 13/20: Polymarket/rs-clob-client
处理仓库 14/20: boxlite-labs/boxlite
处理仓库 15/20: LemonHX/Xmas.JS
处理仓库 16/20: tonisives/ovim
处理仓库 17/20: CryptomSol/prediction-market
处理仓库 18/20: boonzy00/ringmpsc
处理仓库 19/20: adysec/FuckACE
处理仓库 20/20: adysec/proxychains-rs
数据已保存到 /app/data/github_trending_20251226_024929.json
成功获取 20 个热门仓库的详细信息
