正在获取热门仓库...
处理仓库 1/20: TwoSevenOneT/EDR-Freeze
处理仓库 2/20: TwoSevenOneT/WSASS
处理仓库 3/20: ghostmkg/dsa-code
处理仓库 4/20: 93won/lidar_odometry
处理仓库 5/20: BalajeS/WSL-For-FreeBSD
处理仓库 6/20: hackerhouse-opensource/SetupHijack
处理仓库 7/20: goudvuur/sonshell
处理仓库 8/20: IST-DASLab/llmq
处理仓库 9/20: google-deepmind/gemini_icpc2025
处理仓库 10/20: TheCherno/Architecture
处理仓库 11/20: Wemino/MarkerPatch
处理仓库 12/20: IntelligentControlSystems/ClutteredEnvironment
处理仓库 13/20: hyprwm/hyprlauncher
处理仓库 14/20: tile-ai/tilelang-ascend
处理仓库 15/20: hyprwm/hyprtoolkit
处理仓库 16/20: Pterosoft/-CRYENGINE-Community-Edition-
处理仓库 17/20: 93won/lidar_odometry_ros_wrapper
处理仓库 18/20: sapdragon/hint-break
处理仓库 19/20: hkl1x/Bypass_AV
处理仓库 20/20: SLMolenaar/orderbook-simulator-cpp
数据已保存到 /app/data/github_trending_20251013_022638.json
成功获取 20 个热门仓库的详细信息
