正在获取热门仓库...
处理仓库 1/20: BigPizzaV3/CodexPlusPlus
处理仓库 2/20: NVlabs/cuda-oxide
处理仓库 3/20: gi-dellav/zerostack
处理仓库 4/20: Helvesec/rmux
处理仓库 5/20: deeplethe/forkd
处理仓库 6/20: PentHertz/LUKSbox
处理仓库 7/20: chojs23/concord
处理仓库 8/20: r1n7aro/Locus
处理仓库 9/20: matthart1983/syswatch
处理仓库 10/20: by-scott/cortex
处理仓库 11/20: openlake-project/openlake
处理仓库 12/20: Avarok-Cybersecurity/atlas
处理仓库 13/20: statewright/statewright
处理仓库 14/20: sleepinginsummer/agent-browser-cli
处理仓库 15/20: museslabs/phonto
处理仓库 16/20: manyougz/velotype
处理仓库 17/20: Evokoa/pgGraph
处理仓库 18/20: wojtczyk/trust
处理仓库 19/20: reakjra/omikuji
处理仓库 20/20: brettchalupa/usagi
数据已保存到 /app/data/github_trending_20260522_045518.json
成功获取 20 个热门仓库的详细信息
