正在获取热门仓库...
处理仓库 1/20: stepfun-ai/Step-3.5-Flash
处理仓库 2/20: Tencent/hpc-ops
处理仓库 3/20: PulseBeat02/yt-media-storage
处理仓库 4/20: LanRhyme/MicYou
处理仓库 5/20: johnBuffer/StableIndexVector
处理仓库 6/20: mystralengine/mystralnative
处理仓库 7/20: sodasord/profanity-tron
处理仓库 8/20: sqmw/MFCMouseEffect
处理仓库 9/20: lmk123568/PyVideoProc
处理仓库 10/20: OpenDriveLab/kai0
获取仓库 OpenDriveLab/kai0 README 失败: 403 Client Error: rate limit exceeded for url: https://api.github.com/repos/OpenDriveLab/kai0/readme
获取仓库 OpenDriveLab/kai0 语言信息失败: 403 Client Error: rate limit exceeded for url: https://api.github.com/repos/OpenDriveLab/kai0/languages
处理仓库 11/20: Atrix256/Thirteen
获取仓库 Atrix256/Thirteen README 失败: 403 Client Error: rate limit exceeded for url: https://api.github.com/repos/Atrix256/Thirteen/readme
获取仓库 Atrix256/Thirteen 语言信息失败: 403 Client Error: rate limit exceeded for url: https://api.github.com/repos/Atrix256/Thirteen/languages
处理仓库 12/20: HKUST-SAIL/Geometry-Grounded-Gaussian-Splatting
获取仓库 HKUST-SAIL/Geometry-Grounded-Gaussian-Splatting README 失败: 403 Client Error: rate limit exceeded for url: https://api.github.com/repos/HKUST-SAIL/Geometry-Grounded-Gaussian-Splatting/readme
获取仓库 HKUST-SAIL/Geometry-Grounded-Gaussian-Splatting 语言信息失败: 403 Client Error: rate limit exceeded for url: https://api.github.com/repos/HKUST-SAIL/Geometry-Grounded-Gaussian-Splatting/languages
处理仓库 13/20: datavorous/spheni
获取仓库 datavorous/spheni README 失败: 403 Client Error: rate limit exceeded for url: https://api.github.com/repos/datavorous/spheni/readme
获取仓库 datavorous/spheni 语言信息失败: 403 Client Error: rate limit exceeded for url: https://api.github.com/repos/datavorous/spheni/languages
处理仓库 14/20: Noizefield/audio-plugin-coder
获取仓库 Noizefield/audio-plugin-coder README 失败: 403 Client Error: rate limit exceeded for url: https://api.github.com/repos/Noizefield/audio-plugin-coder/readme
获取仓库 Noizefield/audio-plugin-coder 语言信息失败: 403 Client Error: rate limit exceeded for url: https://api.github.com/repos/Noizefield/audio-plugin-coder/languages
处理仓库 15/20: wbenny/scfw
获取仓库 wbenny/scfw README 失败: 403 Client Error: rate limit exceeded for url: https://api.github.com/repos/wbenny/scfw/readme
获取仓库 wbenny/scfw 语言信息失败: 403 Client Error: rate limit exceeded for url: https://api.github.com/repos/wbenny/scfw/languages
处理仓库 16/20: QryptCoin-Technologies-L-L-C/Qryptcoin
获取仓库 QryptCoin-Technologies-L-L-C/Qryptcoin README 失败: 403 Client Error: rate limit exceeded for url: https://api.github.com/repos/QryptCoin-Technologies-L-L-C/Qryptcoin/readme
获取仓库 QryptCoin-Technologies-L-L-C/Qryptcoin 语言信息失败: 403 Client Error: rate limit exceeded for url: https://api.github.com/repos/QryptCoin-Technologies-L-L-C/Qryptcoin/languages
处理仓库 17/20: ugomeda/home-assistant-epaper-remote
获取仓库 ugomeda/home-assistant-epaper-remote README 失败: 403 Client Error: rate limit exceeded for url: https://api.github.com/repos/ugomeda/home-assistant-epaper-remote/readme
获取仓库 ugomeda/home-assistant-epaper-remote 语言信息失败: 403 Client Error: rate limit exceeded for url: https://api.github.com/repos/ugomeda/home-assistant-epaper-remote/languages
处理仓库 18/20: SulfurNitride/Fluorine-Manager
获取仓库 SulfurNitride/Fluorine-Manager README 失败: 403 Client Error: rate limit exceeded for url: https://api.github.com/repos/SulfurNitride/Fluorine-Manager/readme
获取仓库 SulfurNitride/Fluorine-Manager 语言信息失败: 403 Client Error: rate limit exceeded for url: https://api.github.com/repos/SulfurNitride/Fluorine-Manager/languages
处理仓库 19/20: Mrack/TInjector_Symbi
获取仓库 Mrack/TInjector_Symbi README 失败: 403 Client Error: rate limit exceeded for url: https://api.github.com/repos/Mrack/TInjector_Symbi/readme
获取仓库 Mrack/TInjector_Symbi 语言信息失败: 403 Client Error: rate limit exceeded for url: https://api.github.com/repos/Mrack/TInjector_Symbi/languages
处理仓库 20/20: Zephkek/XStoreUnlocker
获取仓库 Zephkek/XStoreUnlocker README 失败: 403 Client Error: rate limit exceeded for url: https://api.github.com/repos/Zephkek/XStoreUnlocker/readme
获取仓库 Zephkek/XStoreUnlocker 语言信息失败: 403 Client Error: rate limit exceeded for url: https://api.github.com/repos/Zephkek/XStoreUnlocker/languages
数据已保存到 /app/data/github_trending_20260216_033610.json
成功获取 20 个热门仓库的详细信息
