正在获取热门仓库...
处理仓库 1/20: FULU-Foundation/OrcaSlicer-bambulab
处理仓库 2/20: D7EAD/mkPIVM
处理仓库 3/20: Juwluuu/Subnautica-2-Release
处理仓库 4/20: snoozinjs/Delta-exec
处理仓库 5/20: 007FirstLight/007-First-Light-Release
处理仓库 6/20: pedrodg28/yuzu-emu
处理仓库 7/20: apple/corecrypto
处理仓库 8/20: bakkesmodrocketleague/bakkesmod
处理仓库 9/20: oyunhacktr/Windows-Xbox-Mode
处理仓库 10/20: actuallyaridan/linux-devmgmt
处理仓库 11/20: littlefrogyq/UE4SS-Subnautica-2
处理仓库 12/20: POWER-PILL/ASCII-Aquarium
处理仓库 13/20: lucasfrre/BongoCat-Desktop
处理仓库 14/20: redteamfortress/PhantomKiller
处理仓库 15/20: SMCGames/Paper-Mario-ReCut
处理仓库 16/20: mcjavarp/Manager2026
处理仓库 17/20: BJTUpupil/AscendFHE
处理仓库 18/20: faldyrd/Auto-2026
处理仓库 19/20: orinimron123/CVE-2026-40369-EXPLOIT
处理仓库 20/20: MrMilenko/Theseus
数据已保存到 /app/data/github_trending_20260601_055332.json
成功获取 20 个热门仓库的详细信息
