正在获取热门仓库...
处理仓库 1/20: YuvDwi/Steve
处理仓库 2/20: kuafuai/aipexbase
处理仓库 3/20: drsaikrishnathota/drones-privacy-ledger
处理仓库 4/20: GoldenglowSusie/MiRearScreenSwitcher
处理仓库 5/20: cuongnh28/spring-microservices-blueprint
处理仓库 6/20: tiklab-project/tiklab-sourcefare
获取仓库 tiklab-project/tiklab-sourcefare README 失败: 404 Client Error: Not Found for url: https://api.github.com/repos/tiklab-project/tiklab-sourcefare/readme
处理仓库 7/20: QmDeve/QmBlurView
处理仓库 8/20: saygin17crow/LiveOverflowMod
处理仓库 9/20: NEORUAA/XHS_Downloader_Android
处理仓库 10/20: sunilpaulmathew/AppVaultX
处理仓库 11/20: vevc/java-xah
处理仓库 12/20: zhzhdoai/flowspot-intellij-plugin
处理仓库 13/20: HOPPINZQ/hoppinai-agent
处理仓库 14/20: Turbo1123/TurboIMS
处理仓库 15/20: felipestanzani/JToon
处理仓库 16/20: alanni-tom/Turacos
处理仓库 17/20: srebrina/BlackOut
处理仓库 18/20: QmDeve/AndroidLiquidGlassView
处理仓库 19/20: Catfriend1/syncthing-android
处理仓库 20/20: xumeng367/DroneDetour
数据已保存到 /app/data/github_trending_20251112_022801.json
成功获取 20 个热门仓库的详细信息
