正在获取热门仓库...
处理仓库 1/20: Snapchat/Valdi
处理仓库 2/20: borndotcom/react-native-godot
处理仓库 3/20: gaoxiang12/lightning-lm
处理仓库 4/20: schellingb/dosbox-pure-unleashed
处理仓库 5/20: meta-pytorch/torchcomms
处理仓库 6/20: HazyResearch/HipKittens
处理仓库 7/20: TwoSevenOneT/EDR-Redir
处理仓库 8/20: ShallowFeather/KDemu
处理仓库 9/20: NtDallas/BOF_Spawn
处理仓库 10/20: Quant-Enthusiasts/Quant-Enthusiasts-Risk-Engine
处理仓库 11/20: sonicdcer/DNZHRecomp
处理仓库 12/20: Sfregs/ZeroCrumb
处理仓库 13/20: EvilBytecode/Ebyte-Syscalls
处理仓库 14/20: cteamx/JinTime
处理仓库 15/20: WinstonJQ/FUEL-PX4-gazebo
处理仓库 16/20: JustasMasiulis/rep_mov_ept_detecc
处理仓库 17/20: Idov31/EtwLeakKernel
处理仓库 18/20: kas-sec/version.dll-sideloading
处理仓库 19/20: winterknife/SILVERPICK
处理仓库 20/20: mathis652/subVerison_GTAV_Hack
数据已保存到 /app/data/github_trending_20251117_022939.json
成功获取 20 个热门仓库的详细信息
