正在获取热门仓库...
处理仓库 1/20: fengshao1227/ccg-workflow
处理仓库 2/20: likaia/nginxpulse
处理仓库 3/20: MedUnes/go-kata
处理仓库 4/20: yoanbernabeu/grepai
处理仓库 5/20: cordum-io/cordum
处理仓库 6/20: rudrankriyam/App-Store-Connect-CLI
处理仓库 7/20: dlorenc/multiclaude
处理仓库 8/20: finbarr/yolobox
处理仓库 9/20: hanselime/paqet
处理仓库 10/20: geekjourneyx/md2wechat-skill
处理仓库 11/20: roborev-dev/roborev
处理仓库 12/20: wesm/msgvault
处理仓库 13/20: runkids/skillshare
处理仓库 14/20: zippoxer/subtask
处理仓库 15/20: 241x/cdpnetool
处理仓库 16/20: umputun/ralphex
处理仓库 17/20: p-box2025/P-BOX
处理仓库 18/20: hulutech-web/novel-video-workflow
处理仓库 19/20: burpheart/cursor-tap
处理仓库 20/20: microsoft/dcp
数据已保存到 /app/data/github_trending_20260203_033011.json
成功获取 20 个热门仓库的详细信息
