正在获取热门仓库...
处理仓库 1/20: taigrr/spank
处理仓库 2/20: chenhg5/cc-connect
处理仓库 3/20: nextlevelbuilder/goclaw
处理仓库 4/20: bjarneo/cliamp
处理仓库 5/20: kamranahmedse/slim
处理仓库 6/20: c0m4r/kula
处理仓库 7/20: Gentleman-Programming/gentle-ai
处理仓库 8/20: AgentsMesh/AgentsMesh
处理仓库 9/20: jrswab/axe
处理仓库 10/20: raskrebs/sonar
处理仓库 11/20: thellimist/clihub
处理仓库 12/20: Resinat/Resin
处理仓库 13/20: steipete/discrawl
处理仓库 14/20: fastclaw-ai/weclaw
处理仓库 15/20: carlos7ags/folio
处理仓库 16/20: xiaolajiaoyyds/regplatformm
处理仓库 17/20: sympozium-ai/sympozium
处理仓库 18/20: LeoChen-CoreMind/VMPacker
处理仓库 19/20: antflydb/antfly
处理仓库 20/20: MuhammadHananAsghar/wormhole
数据已保存到 /app/data/github_trending_20260324_033029.json
成功获取 20 个热门仓库的详细信息
