正在获取热门仓库...
处理仓库 1/20: novatic14/MANPADS-System-Launcher-and-Rocket
处理仓库 2/20: sudoevolve/EUI
处理仓库 3/20: Minecraft-Community-Edition/client
处理仓库 4/20: louiszengCN/CarlaAir
处理仓库 5/20: dugongzi/JsxposedX
处理仓库 6/20: neroundimasamp64/Stabilized-Internet-Connection
处理仓库 7/20: trailofbits/CoBRA
处理仓库 8/20: SharpAI/SwiftLM
处理仓库 9/20: yousifamanuel/clawd-mochi
处理仓库 10/20: cornannagold/FPS_Internet_Optimizer
处理仓库 11/20: saileaxh/cpueaxh
处理仓库 12/20: AmelieHeinrich/Termina
处理仓库 13/20: weeseezios/kms-pico-emulator-2026
处理仓库 14/20: Keralots/BambuHelper
处理仓库 15/20: MarioGalindoQ/Modern-CPP-Design-Patterns
处理仓库 16/20: xenios-jp/XeniOS
处理仓库 17/20: FinalScave/OpenSweetEditor
处理仓库 18/20: fafathops152/Pokemon-Pokopia-For-PC
处理仓库 19/20: romerzzz/Tomodachi-Life-Living-in-the-Dream-PC-Version
处理仓库 20/20: rockduke932/Mnemonic-Seed-Recovery-2026
数据已保存到 /app/data/github_trending_20260406_035447.json
成功获取 20 个热门仓库的详细信息
