正在获取热门仓库...
处理仓库 1/20: Esubaalew/run
处理仓库 2/20: 42futures/firm
处理仓库 3/20: ck-zhang/reddix
处理仓库 4/20: 0xflux/Wyrm
处理仓库 5/20: Jagalite/superseedr
处理仓库 6/20: MariaLetta/free-ferris-pack
处理仓库 7/20: Augani/adabraka-ui
处理仓库 8/20: bingcicle/crispy-palm-tree
处理仓库 9/20: h2337/ghostscan
处理仓库 10/20: nacho/servo-gtk
处理仓库 11/20: yuri-xyz/chroma
处理仓库 12/20: Poseidon-fan/net-mux
处理仓库 13/20: Seyud/FreePPS
处理仓库 14/20: state-machines/state-machines-rs
处理仓库 15/20: cosmincatalin/brew-explorer
处理仓库 16/20: jdx/fnox
处理仓库 17/20: brk0v/trixter
处理仓库 18/20: CogitatorTech/infera
处理仓库 19/20: adolfousier/neura-hustle-tracker
处理仓库 20/20: Theone2026/RBust
数据已保存到 /app/data/github_trending_20251024_021904.json
成功获取 20 个热门仓库的详细信息
