正在获取热门仓库...
处理仓库 1/20: SaltyAom/elden-github
处理仓库 2/20: aezate/Gift-Buyer-Tg
处理仓库 3/20: JHDev2006/Super-Mario-Bros.-Remastered-Public
处理仓库 4/20: neibcn/snippets-vless-reverse-proxy
获取仓库 neibcn/snippets-vless-reverse-proxy README 失败: 404 Client Error: Not Found for url: https://api.github.com/repos/neibcn/snippets-vless-reverse-proxy/readme
处理仓库 5/20: gavinmn/iOSAppMeshTransform
处理仓库 6/20: 2x7EQ13/WSASS
处理仓库 7/20: KingOfBugbounty/s3tk
处理仓库 8/20: AnonpayOrg/Anonpay
处理仓库 9/20: thehijacker/ESPHome-E-Ink-Weather-Calendar-Wall-Monitor
处理仓库 10/20: leoneljdias/tempo
处理仓库 11/20: d4551/navi-ai
处理仓库 12/20: vpslog/looking-glass-list
处理仓库 13/20: yeahhe365/PageTalk
处理仓库 14/20: daisy777daisy777/videos
处理仓库 15/20: rishivajre/Playwright-End-to-End-E2E-Test-Automation-Framework
处理仓库 16/20: apache/tvm-ffi
处理仓库 17/20: h9-tec/Intelligent_Customer_Agents
处理仓库 18/20: Jitendra2407/apt_assignment
处理仓库 19/20: boltdoreen/Flasher
处理仓库 20/20: MengtingMT/NettySmartRouter
数据已保存到 /app/data/github_trending_20250914_113950.json
成功获取 20 个热门仓库的详细信息
