正在获取热门仓库...
处理仓库 1/20: suyunkai/EVCam
处理仓库 2/20: cxOrz/AnyWhere
处理仓库 3/20: basic-framework/web-backend
处理仓库 4/20: shiroha-233/MC-MMD-rust
处理仓库 5/20: LeanBitLab/HeliboardL
处理仓库 6/20: DbtSpring/Milky-institute-online
处理仓库 7/20: Kaupenjoe/Hytale-Example-Plugin
处理仓库 8/20: hawolt/twitch-adblock
处理仓库 9/20: Aizistral-Studios/No-Chat-Restrictions
处理仓库 10/20: Open-Commerce-Protocol/ucp-sdk-java
处理仓库 11/20: cwuom/WeKit
处理仓库 12/20: Qeccentric/GlobalTraveling
处理仓库 13/20: WuKongOpenSource/AI_CRM
处理仓库 14/20: Ranork/Hytale-Server-Unpacked
处理仓库 15/20: Howard20181/HyperPasskey
获取仓库 Howard20181/HyperPasskey README 失败: 404 Client Error: Not Found for url: https://api.github.com/repos/Howard20181/HyperPasskey/readme
处理仓库 16/20: ScriptedAlchemy/robinhood-decompiled
处理仓库 17/20: Partha-Sharathy-K/aws-auth-project
获取仓库 Partha-Sharathy-K/aws-auth-project README 失败: 404 Client Error: Not Found for url: https://api.github.com/repos/Partha-Sharathy-K/aws-auth-project/readme
处理仓库 18/20: 1193776794/launch
处理仓库 19/20: sammwyy/Hytale-Plugin-Examples
处理仓库 20/20: zhixianio/botdrop-android
数据已保存到 /app/data/github_trending_20260211_034320.json
成功获取 20 个热门仓库的详细信息
