正在获取热门仓库...
处理仓库 1/20: Snapchat/Valdi
处理仓库 2/20: borndotcom/react-native-godot
处理仓库 3/20: Ayndpa/ConnectTool
处理仓库 4/20: NullPxl/banrays
处理仓库 5/20: TelegramMessenger/cocoon
处理仓库 6/20: mit-han-lab/flash-moba
处理仓库 7/20: ricardojoserf/SAMDump
处理仓库 8/20: xoxor4d/gta4-rtx
处理仓库 9/20: waryas/WaryasSWHE
处理仓库 10/20: Wemino/MadnessPatch
处理仓库 11/20: OpenEthTools/eth-vanity
处理仓库 12/20: NtDallas/BOF_Spawn
处理仓库 13/20: benodiwal/pg_ai_query
处理仓库 14/20: 93won/lidar_inertial_odometry
处理仓库 15/20: NtDallas/BOF_RunPe
处理仓库 16/20: DevNexaro/custom-eth-address
处理仓库 17/20: winterknife/SILVERPICK
处理仓库 18/20: Nice4756/hwid-spoofer-manager
处理仓库 19/20: Idov31/EtwLeakKernel
处理仓库 20/20: lyc233nb/ALS_Lyra_Plugin
数据已保存到 /app/data/github_trending_20251201_030335.json
成功获取 20 个热门仓库的详细信息
