正在获取热门仓库...
处理仓库 1/20: facebookresearch/map-anything
处理仓库 2/20: Danau5tin/multi-agent-coding-system
处理仓库 3/20: Tencent-Hunyuan/HunyuanWorld-Voyager
处理仓库 4/20: bytedance/USO
处理仓库 5/20: OpenBMB/VoxCPM
处理仓库 6/20: Tencent-Hunyuan/SRPO
处理仓库 7/20: Enemyx-net/VibeVoice-ComfyUI
处理仓库 8/20: BICLab/SpikingBrain-7B
处理仓库 9/20: GWUDCAP/cc-sessions
处理仓库 10/20: MoonshotAI/checkpoint-engine
处理仓库 11/20: thinking-machines-lab/batch_invariant_ops
处理仓库 12/20: Hunyuan-PromptEnhancer/PromptEnhancer
处理仓库 13/20: wendy7756/AI-Video-Transcriber
处理仓库 14/20: High-Logic/Genie
处理仓库 15/20: Tencent-Hunyuan/HunyuanImage-2.1
处理仓库 16/20: TencentCloudADP/youtu-graphrag
处理仓库 17/20: FireRedTeam/FireRedTTS2
处理仓库 18/20: Phantom-video/HuMo
处理仓库 19/20: cryxnet/DeepMCPAgent
处理仓库 20/20: Tencent-Hunyuan/Hunyuan-MT
数据已保存到 /app/data/github_trending_20250921_022644.json
成功获取 20 个热门仓库的详细信息
