正在获取热门仓库...
处理仓库 1/20: NoFxAiOS/nofx
处理仓库 2/20: wquguru/nof0
处理仓库 3/20: steveyegge/beads
处理仓库 4/20: wizenheimer/blaze
处理仓库 5/20: samber/ro
处理仓库 6/20: platform-engineering-labs/formae
处理仓库 7/20: coyer1986/rapid-cipher-819
处理仓库 8/20: coyer1986/stoic-engine-25
处理仓库 9/20: coyer1986/clever-marble-821
处理仓库 10/20: coyer1986/go-web-server
处理仓库 11/20: juchain-network/chain
处理仓库 12/20: Nomadcxx/sysc-greet
处理仓库 13/20: dennisyang1986/getk
处理仓库 14/20: geomys/sandboxed-step
处理仓库 15/20: micr0-dev/wellness-ping
处理仓库 16/20: AlpinDale/ssh-dashboard
处理仓库 17/20: click33/sa-token-go
处理仓库 18/20: schollz/e2ecp
处理仓库 19/20: dtonon/ch
处理仓库 20/20: Yiming1997/go-agile-pool
数据已保存到 /app/data/github_trending_20251104_022701.json
成功获取 20 个热门仓库的详细信息
