正在获取热门仓库...
处理仓库 1/20: MadAppGang/dingo
处理仓库 2/20: difyz9/ytb2bili
处理仓库 3/20: openpcc/openpcc
处理仓库 4/20: daodao97/code-switch
处理仓库 5/20: CodeOne45/vex-tui
处理仓库 6/20: Ed1s0nZ/CyberStrikeAI
处理仓库 7/20: runxiyu/furgit
处理仓库 8/20: arpxspace/smartcommit
处理仓库 9/20: Dicklesworthstone/beads_viewer
处理仓库 10/20: stormkit-io/stormkit-io
处理仓库 11/20: monsieurPale/RSA-Backdoor
处理仓库 12/20: rshdhere/vibecheck
处理仓库 13/20: HenryLoM/CliWaifuTamagotchi
处理仓库 14/20: Vyntral/god-eye
处理仓库 15/20: JordanCoin/codemap
处理仓库 16/20: codersgyan/camp
处理仓库 17/20: marvinvr/docktail
处理仓库 18/20: uralys/check-projects
处理仓库 19/20: crypmancer/bnb-copy-trading-bot-go
处理仓库 20/20: jasonwong1991/easy_proxies
数据已保存到 /app/data/github_trending_20251202_024356.json
成功获取 20 个热门仓库的详细信息
