正在获取热门仓库...
处理仓库 1/20: buyukakyuz/corroded
处理仓库 2/20: aiclientproxy/proxycast
处理仓库 3/20: bountyyfi/lonkero
处理仓库 4/20: terauss/Polymarket-Kalshi-Arbitrage-bot
处理仓库 5/20: khaphanspace/gonhanh.org
处理仓库 6/20: hanebox/ekphos
处理仓库 7/20: kavehtehrani/cloudflare-speed-cli
处理仓库 8/20: stoolap/stoolap
处理仓库 9/20: taetaehoho/poly-kalshi-arb
处理仓库 10/20: fcoury/tsql
处理仓库 11/20: tonisives/ovim
处理仓库 12/20: boxlite-labs/boxlite
处理仓库 13/20: jgarzik/hk
处理仓库 14/20: leerob/pixo
处理仓库 15/20: gpui-ce/gpui-ce
处理仓库 16/20: terry90/soulbeet
处理仓库 17/20: gustavosett/Windows-11-Clipboard-History-For-Linux
处理仓库 18/20: Polymarket/rs-clob-client
处理仓库 19/20: yazaldefilimone/ffmpreg
处理仓库 20/20: christo-auer/eilmeldung
数据已保存到 /app/data/github_trending_20260102_025420.json
成功获取 20 个热门仓库的详细信息
