正在获取热门仓库...
处理仓库 1/20: huseyinbabal/taws
处理仓库 2/20: buyukakyuz/corroded
处理仓库 3/20: OlaProeis/Ferrite
处理仓库 4/20: terauss/Polymarket-Kalshi-Arbitrage-bot
处理仓库 5/20: kavehtehrani/cloudflare-speed-cli
处理仓库 6/20: zs1083339604/FaceWinUnlock-Tauri
处理仓库 7/20: leerob/pixo
处理仓库 8/20: neiii/bridle
处理仓库 9/20: cesarferreira/rip
处理仓库 10/20: jgarzik/hk
处理仓库 11/20: ghuntley/loom
处理仓库 12/20: njbrake/agent-of-empires
处理仓库 13/20: karpathy/rustbpe
处理仓库 14/20: hank9999/kiro.rs
处理仓库 15/20: LemonHX/Xmas.JS
处理仓库 16/20: chonkie-inc/memchunk
处理仓库 17/20: serkanyersen/dotstate
处理仓库 18/20: ahkohd/oyo
处理仓库 19/20: NORMAL-EX/LetRecovery
处理仓库 20/20: minimaxir/miditui
数据已保存到 /app/data/github_trending_20260116_025522.json
成功获取 20 个热门仓库的详细信息
