正在获取热门仓库...
处理仓库 1/20: steveyegge/beads
处理仓库 2/20: wizenheimer/blaze
处理仓库 3/20: samber/ro
处理仓库 4/20: unkn0wn-root/resterm
处理仓库 5/20: coyer1986/rapid-cipher-819
处理仓库 6/20: coyer1986/stoic-engine-25
处理仓库 7/20: coyer1986/clever-marble-821
处理仓库 8/20: coyer1986/go-web-server
处理仓库 9/20: Desmond-Osy/soloops-cli
处理仓库 10/20: Nomadcxx/sysc-greet
处理仓库 11/20: bingcicle/friendly-potato
处理仓库 12/20: whyrusleeping/konbini
处理仓库 13/20: micr0-dev/wellness-ping
处理仓库 14/20: AlpinDale/ssh-dashboard
处理仓库 15/20: click33/sa-token-go
处理仓库 16/20: hasenj/go-shirei
处理仓库 17/20: dtonon/ch
处理仓库 18/20: Yiming1997/go-agile-pool
处理仓库 19/20: ferrebarrat/brrtfetch
处理仓库 20/20: langhuihui/gomem
数据已保存到 /app/data/github_trending_20251028_022357.json
成功获取 20 个热门仓库的详细信息
