正在获取热门仓库...
处理仓库 1/20: h4ckf0r0day/obscura
处理仓库 2/20: TencentCloud/CubeSandbox
处理仓库 3/20: therealaleph/MasterHttpRelayVPN-RUST
处理仓库 4/20: WeaveMindAI/weft
处理仓库 5/20: vyfor/rattles
处理仓库 6/20: endevco/aube
处理仓库 7/20: thClaws/thClaws
处理仓库 8/20: obdev/littlesnitch-linux
处理仓库 9/20: jackwener/wx-cli
处理仓库 10/20: mpiorowski/late-sh
处理仓库 11/20: matthart1983/syswatch
处理仓库 12/20: therealaleph/sni-spoofing-rust
处理仓库 13/20: by-scott/cortex
处理仓库 14/20: gordonmurray/firnflow
处理仓库 15/20: supermemoryai/smfs
处理仓库 16/20: immanuwell/dockerfile-roast
处理仓库 17/20: ArcaneNibble/awawausb
处理仓库 18/20: evanphi7/lighthouse-router
处理仓库 19/20: garritfra/cell
处理仓库 20/20: loyalpartner/selfsync
数据已保存到 /app/data/github_trending_20260508_041240.json
成功获取 20 个热门仓库的详细信息
