正在获取热门仓库...
处理仓库 1/20: Snapchat/Valdi
处理仓库 2/20: borndotcom/react-native-godot
处理仓库 3/20: gaoxiang12/lightning-lm
处理仓库 4/20: HazyResearch/HipKittens
处理仓库 5/20: TwoSevenOneT/EDR-Redir
处理仓库 6/20: mit-han-lab/flash-moba
处理仓库 7/20: ricardojoserf/SAMDump
处理仓库 8/20: Wemino/MadnessPatch
处理仓库 9/20: ShallowFeather/KDemu
处理仓库 10/20: NtDallas/BOF_Spawn
处理仓库 11/20: winterknife/SILVERPICK
处理仓库 12/20: EvilBytecode/Ebyte-Syscalls
处理仓库 13/20: 93won/lidar_inertial_odometry
处理仓库 14/20: Idov31/EtwLeakKernel
处理仓库 15/20: JustasMasiulis/rep_mov_ept_detecc
处理仓库 16/20: lyc233nb/ALS_Lyra_Plugin
处理仓库 17/20: kas-sec/version.dll-sideloading
处理仓库 18/20: 0xeb/fastmcpp
处理仓库 19/20: mathis652/subVerison_GTAV_Hack
处理仓库 20/20: ceilf6/CPlusPlus
数据已保存到 /app/data/github_trending_20251124_024900.json
成功获取 20 个热门仓库的详细信息
