正在获取热门仓库...
处理仓库 1/20: shining-stars-l/javaup
处理仓库 2/20: RahulAutade2288/payments-modernization-hub
处理仓库 3/20: yiyihuohuo/GalQQ
处理仓库 4/20: XXieYiqiang/SoakUpTheSun
处理仓库 5/20: zitoxxx/eCaptureBurp
处理仓库 6/20: zhu8915985/ruoqus
处理仓库 7/20: stellarloop/Health-Care-Facility
处理仓库 8/20: Davidjos03/Reliable-Java-Messaging-Platform
处理仓库 9/20: LingFrame/LingFrame
处理仓库 10/20: add2ws/etl-engine-project
处理仓库 11/20: RahulAutade2288/real-time-payment-architecture-orchestration
处理仓库 12/20: apple/pollianna
处理仓库 13/20: TornadoInsight/HealthPlus
处理仓库 14/20: bluuewhale/hash-smith
处理仓库 15/20: aleksandrdemura/multilang-calculators
处理仓库 16/20: stellarloop/Library-Management-System-JAVA
处理仓库 17/20: keggin-CHN/njfu_grinding
处理仓库 18/20: XiaoTong6666/Sui
处理仓库 19/20: Davidjos03/healthcare-java-angular
处理仓库 20/20: stellarloop/Pharmacy-Drug-Management-System
数据已保存到 /app/data/github_trending_20251217_024535.json
成功获取 20 个热门仓库的详细信息
