正在获取热门仓库...
处理仓库 1/20: FULU-Foundation/OrcaSlicer-bambulab
处理仓库 2/20: microsoft/intelligent-terminal
处理仓库 3/20: D7EAD/mkPIVM
处理仓库 4/20: MatixYo/ESP32-Plane-Radar
处理仓库 5/20: apple/corecrypto
处理仓库 6/20: actuallyaridan/linux-devmgmt
处理仓库 7/20: mudler/parakeet.cpp
处理仓库 8/20: POWER-PILL/ASCII-Aquarium
处理仓库 9/20: tony-cote/seed-phrase-generator
处理仓库 10/20: mavi9727stoke6893/Acrobat-Version-Pro-2
处理仓库 11/20: redteamfortress/PhantomKiller
处理仓库 12/20: gerardapennant96075336582/CapC-Pro-2
处理仓库 13/20: SMCGames/Paper-Mario-ReCut
处理仓库 14/20: guchuanv-alt/SimART
处理仓库 15/20: eversinc33/MogVMP
处理仓库 16/20: ninjawarlorddisclose/CapCut-Pro-Crack-2026
处理仓库 17/20: Plumezisieve/IDM-6.42-Lifetime-Patch-2026
处理仓库 18/20: Liset999/ZenDesktop
处理仓库 19/20: BJTUpupil/AscendFHE
处理仓库 20/20: orinimron123/CVE-2026-40369-EXPLOIT
数据已保存到 /app/data/github_trending_20260608_052329.json
成功获取 20 个热门仓库的详细信息
