正在获取热门仓库...
处理仓库 1/20: WuKongOpenSource/AI_CRM
处理仓库 2/20: zhixianio/botdrop-android
处理仓库 3/20: javaevolved/javaevolved.github.io
处理仓库 4/20: Howard20181/HyperPasskey
获取仓库 Howard20181/HyperPasskey README 失败: 404 Client Error: Not Found for url: https://api.github.com/repos/Howard20181/HyperPasskey/readme
处理仓库 5/20: danvega/spring-initializr-tui
处理仓库 6/20: epitome-AISS/epitome
处理仓库 7/20: AI45Lab/epitome
处理仓库 8/20: BigGG-Guardian/guardian
处理仓库 9/20: kmigiet/job-interview
处理仓库 10/20: Nobodiiiii/Ponderer
处理仓库 11/20: krema-build/krema
处理仓库 12/20: zensu357/Android-CamSwap-OpenSource
处理仓库 13/20: ondysss/codepilot1c-edt
处理仓库 14/20: paditianxiu/mdqq
处理仓库 15/20: yuvashreey763-eng/github
处理仓库 16/20: erroralex/Latent-Library
处理仓库 17/20: KXJ-WQL/SunFavorite
处理仓库 18/20: KarryViber/orb-eye
处理仓库 19/20: yucheng-ou/kaleido-ai
处理仓库 20/20: MadhanPrasathT/Numbers_Guessing_Game
数据已保存到 /app/data/github_trending_20260304_032159.json
成功获取 20 个热门仓库的详细信息
