正在获取热门仓库...
处理仓库 1/20: tamnd/kage
处理仓库 2/20: duckbugio/flock
处理仓库 3/20: tastyeffectco/sandboxd
处理仓库 4/20: pood1e/wa-app
处理仓库 5/20: overflowy/make-look-scanned
处理仓库 6/20: bjarneo/ku
处理仓库 7/20: gykim80/perfectpixel-studio
处理仓库 8/20: portbuster1337/ArachneC2
处理仓库 9/20: WhiteDNS/WhiteDNS-Wizard
处理仓库 10/20: Nigh/show-me-the-story
处理仓库 11/20: ivorpad/mercadona-cli
处理仓库 12/20: rstagit/rstaspoof
处理仓库 13/20: kernelstub/Ferrum
处理仓库 14/20: dvassallo/singleserver
处理仓库 15/20: MengMengCode/CLICD
处理仓库 16/20: kentjuno/ainovel-cli
处理仓库 17/20: saiyam1814/kiac
处理仓库 18/20: chaitin/agent-compose
处理仓库 19/20: TryHarder-L/NiniMenu
处理仓库 20/20: ory/talos
数据已保存到 /app/data/github_trending_20260630_045732.json
成功获取 20 个热门仓库的详细信息
