正在获取热门仓库...
处理仓库 1/20: tekaratzas/RustGPT
处理仓库 2/20: Julien-cpsn/desktop-tui
处理仓库 3/20: pingooio/pingoo
处理仓库 4/20: pawurb/hotpath
处理仓库 5/20: s2-streamstore/cachey
处理仓库 6/20: losfair/bake
处理仓库 7/20: Kudaes/MFTool
处理仓库 8/20: kagehq/gpu-kill
处理仓库 9/20: jfernandez/mdserve
处理仓库 10/20: 0xflux/Wyrm
处理仓库 11/20: iKeepLearn/db-back-tool
处理仓库 12/20: bingcicle/crispy-palm-tree
处理仓库 13/20: h2337/tsink
处理仓库 14/20: guibeira/wakezilla
处理仓库 15/20: DavidLiedle/DriftDB
处理仓库 16/20: hxpe-dev/kotofetch
处理仓库 17/20: humblepenguinn/mv
处理仓库 18/20: pingora-web/pingora_web
处理仓库 19/20: h2337/ghostscan
处理仓库 20/20: nik-rev/derive-aliases
数据已保存到 /app/data/github_trending_20251003_021630.json
成功获取 20 个热门仓库的详细信息
