正在获取热门仓库...
处理仓库 1/20: tekaratzas/RustGPT
处理仓库 2/20: Michael-A-Kuykendall/shimmy
处理仓库 3/20: Julien-cpsn/desktop-tui
处理仓库 4/20: BeaconBay/ck
处理仓库 5/20: pingooio/pingoo
处理仓库 6/20: pawurb/hotpath
处理仓库 7/20: losfair/bake
处理仓库 8/20: s2-streamstore/cachey
处理仓库 9/20: tahayvr/omarchist
处理仓库 10/20: unhappychoice/gittype
处理仓库 11/20: Spu7Nix/obamify
处理仓库 12/20: Kudaes/MFTool
处理仓库 13/20: 0xalberto/pumpfun-laserstream-sniper-rust
处理仓库 14/20: 0xalberto/bonkfun-sniper-grpc
处理仓库 15/20: 0xalberto/solana-raydium-pumpfun-sniper-Rust
处理仓库 16/20: Hexorg/Ouroboros
处理仓库 17/20: h2337/tsink
处理仓库 18/20: guibeira/wakezilla
处理仓库 19/20: DavidLiedle/DriftDB
处理仓库 20/20: blueshift-gg/doppler
数据已保存到 /app/data/github_trending_20250926_021932.json
成功获取 20 个热门仓库的详细信息
