正在获取热门仓库...
处理仓库 1/20: LaurieWired/tailslayer
处理仓库 2/20: sudoevolve/EUI
处理仓库 3/20: louiszengCN/CarlaAir
处理仓库 4/20: mmaher88/logitune
处理仓库 5/20: URLab-Sim/UnrealRoboticsLab
处理仓库 6/20: tsoding/ht.h
处理仓库 7/20: PABannier/sam3.cpp
处理仓库 8/20: mrT4ntr4/NtWarden
处理仓库 9/20: trailofbits/CoBRA
处理仓库 10/20: nathanshankar/terminal_rviz
处理仓库 11/20: yousifamanuel/clawd-mochi
处理仓库 12/20: pansalasamarth/System-Design-LLD
处理仓库 13/20: saileaxh/cpueaxh
处理仓库 14/20: FinalScave/OpenSweetEditor
处理仓库 15/20: sb-ocr/cad-mouse-mk2
处理仓库 16/20: MarioGalindoQ/Modern-CPP-Design-Patterns
处理仓库 17/20: neroundimasamp64/Stabilized-Internet-Connection
处理仓库 18/20: ProjectPhysX/hw-smi
处理仓库 19/20: SYS-zdk/robot_path_planner_public
处理仓库 20/20: ListerOvO1211/LazyEnv
数据已保存到 /app/data/github_trending_20260413_041623.json
成功获取 20 个热门仓库的详细信息
