正在获取热门仓库...
处理仓库 1/20: MSNightmare/RoguePlanet
处理仓库 2/20: BohemiaInteractive/CWR
处理仓库 3/20: MatixYo/ESP32-Plane-Radar
处理仓库 4/20: mchughalex/skate3recomp
处理仓库 5/20: AnthonySturdy/micro-radar
处理仓库 6/20: eversinc33/MogVMP
处理仓库 7/20: localai-org/privacy-filter.cpp
处理仓库 8/20: 0xShug0/audio.cpp
处理仓库 9/20: Jasionf/smart-home-button
处理仓库 10/20: cote-tony/walletgen
处理仓库 11/20: danking6/veltoc
处理仓库 12/20: mudler/locate-anything.cpp
处理仓库 13/20: Michael-Manning/E-Paper-Climate-Logger
处理仓库 14/20: EpicGames/OpenRigLogic
处理仓库 15/20: cclank/tokei
处理仓库 16/20: safijari/openpuck
处理仓库 17/20: yashmulgaonkar/FlightScnr
处理仓库 18/20: duolahypercho/GT-caliber
处理仓库 19/20: soltia48/sdrplusplus-j-alert-plugin
处理仓库 20/20: ScaleX-IO/uGDS
数据已保存到 /app/data/github_trending_20260629_052324.json
成功获取 20 个热门仓库的详细信息
