正在获取热门仓库...
处理仓库 1/20: BigPizzaV3/CodexPlusPlus
处理仓库 2/20: AprilNEA/OpenLogi
处理仓库 3/20: microsoft/coreutils
处理仓库 4/20: b-nnett/goose
处理仓库 5/20: Helvesec/rmux
处理仓库 6/20: deeplethe/forkd
处理仓库 7/20: gi-dellav/zerostack
处理仓库 8/20: vedika-io/xalen-ephemeris
处理仓库 9/20: chojs23/concord
处理仓库 10/20: PentHertz/LUKSbox
处理仓库 11/20: akitaonrails/ai-memory
处理仓库 12/20: anomalyco/rift
处理仓库 13/20: msitarzewski/brew-browser
处理仓库 14/20: browser-use/terminal
处理仓库 15/20: ExtendDB/extenddb
处理仓库 16/20: sleepinginsummer/agent-browser-cli
处理仓库 17/20: Evokoa/pgGraph
处理仓库 18/20: museslabs/phonto
处理仓库 19/20: manyougz/velotype
处理仓库 20/20: l0ng-ai/papr
数据已保存到 /app/data/github_trending_20260605_051024.json
成功获取 20 个热门仓库的详细信息
