正在获取热门仓库...
处理仓库 1/20: b-nnett/goose
处理仓库 2/20: nubjs/nub
处理仓库 3/20: jeff141/meatshell
处理仓库 4/20: anomalyco/rift
处理仓库 5/20: r14dd/patent
处理仓库 6/20: ProxyShard/ShardBrowser
处理仓库 7/20: CodeBendKit/codeseek
处理仓库 8/20: duncatzat/vigils
处理仓库 9/20: Th0rgal/open_oura
处理仓库 10/20: ShiroEirin/comfyui-good-anima
处理仓库 11/20: zaydmulani09/mnemo
处理仓库 12/20: kitlangton/terminal-control
处理仓库 13/20: JayWebtech/autoshorts
处理仓库 14/20: opengeos/geolibre-rust
处理仓库 15/20: ppXD/Wisp
处理仓库 16/20: ntrospect0/glint
处理仓库 17/20: rust-kotlin/ashell
处理仓库 18/20: encrypted-spaces/prototype
处理仓库 19/20: lifuyue/issue-finder
处理仓库 20/20: nicolastinger/only-talk-rs
数据已保存到 /app/data/github_trending_20260626_050341.json
成功获取 20 个热门仓库的详细信息
