正在获取热门仓库...
处理仓库 1/20: larksuite/cli
处理仓库 2/20: DingTalk-Real-AI/dingtalk-workspace-cli
处理仓库 3/20: fastclaw-ai/weclaw
处理仓库 4/20: raskrebs/sonar
处理仓库 5/20: samber/cc-skills-golang
处理仓库 6/20: steipete/discrawl
处理仓库 7/20: openilink/openilink-hub
处理仓库 8/20: xiaolajiaoyyds/regplatformm
处理仓库 9/20: carlos7ags/folio
处理仓库 10/20: neur0map/glazepkg
处理仓库 11/20: fastclaw-ai/fastclaw
处理仓库 12/20: james-6-23/codex2api
处理仓库 13/20: phlx0/drift
处理仓库 14/20: LeoChen-CoreMind/VMPacker
处理仓库 15/20: gpdf-dev/gpdf
处理仓库 16/20: antflydb/antfly
处理仓库 17/20: mexirica/aptui
处理仓库 18/20: MuhammadHananAsghar/wormhole
处理仓库 19/20: ryanrasti/typenix
处理仓库 20/20: GoogleCloudPlatform/scion
数据已保存到 /app/data/github_trending_20260331_034634.json
成功获取 20 个热门仓库的详细信息
