正在获取热门仓库...
处理仓库 1/20: alibaba/open-code-review
处理仓库 2/20: perplexityai/bumblebee
处理仓库 3/20: tamnd/kage
处理仓库 4/20: MatinSenPai/SenPaiScanner
处理仓库 5/20: tastyeffectco/sandboxd
处理仓库 6/20: DEEIX-AI/DEEIX-Chat
处理仓库 7/20: pood1e/wa-app
处理仓库 8/20: duckbugio/flock
处理仓库 9/20: elvisun/newsjack
处理仓库 10/20: officecli/officedex
处理仓库 11/20: RoseKhlifa/Image-Studio
处理仓库 12/20: bjarneo/kli
处理仓库 13/20: ongridio/ongrid
处理仓库 14/20: packyme/privacy-filter
处理仓库 15/20: iampedii/WhiteDNS-Wizard
处理仓库 16/20: portbuster1337/ArachneC2
处理仓库 17/20: rstagit/rstaspoof
处理仓库 18/20: macan-dev/EasySNI
处理仓库 19/20: gykim80/perfectpixel-studio
处理仓库 20/20: HotRiceNoodles/CrossLink
数据已保存到 /app/data/github_trending_20260616_062528.json
成功获取 20 个热门仓库的详细信息
