正在获取热门仓库...
处理仓库 1/20: MSNightmare/RoguePlanet
处理仓库 2/20: microsoft/intelligent-terminal
处理仓库 3/20: MatixYo/ESP32-Plane-Radar
处理仓库 4/20: apple/corecrypto
处理仓库 5/20: mudler/parakeet.cpp
处理仓库 6/20: actuallyaridan/linux-devmgmt
获取仓库 actuallyaridan/linux-devmgmt README 失败: 403 Client Error: rate limit exceeded for url: https://api.github.com/repos/actuallyaridan/linux-devmgmt/readme
获取仓库 actuallyaridan/linux-devmgmt 语言信息失败: 403 Client Error: rate limit exceeded for url: https://api.github.com/repos/actuallyaridan/linux-devmgmt/languages
处理仓库 7/20: POWER-PILL/ASCII-Aquarium
获取仓库 POWER-PILL/ASCII-Aquarium README 失败: 403 Client Error: rate limit exceeded for url: https://api.github.com/repos/POWER-PILL/ASCII-Aquarium/readme
获取仓库 POWER-PILL/ASCII-Aquarium 语言信息失败: 403 Client Error: rate limit exceeded for url: https://api.github.com/repos/POWER-PILL/ASCII-Aquarium/languages
处理仓库 8/20: mavi9727stoke6893/Acrobat-Version-Pro-2
获取仓库 mavi9727stoke6893/Acrobat-Version-Pro-2 README 失败: 403 Client Error: rate limit exceeded for url: https://api.github.com/repos/mavi9727stoke6893/Acrobat-Version-Pro-2/readme
获取仓库 mavi9727stoke6893/Acrobat-Version-Pro-2 语言信息失败: 403 Client Error: rate limit exceeded for url: https://api.github.com/repos/mavi9727stoke6893/Acrobat-Version-Pro-2/languages
处理仓库 9/20: redteamfortress/PhantomKiller
获取仓库 redteamfortress/PhantomKiller README 失败: 403 Client Error: rate limit exceeded for url: https://api.github.com/repos/redteamfortress/PhantomKiller/readme
获取仓库 redteamfortress/PhantomKiller 语言信息失败: 403 Client Error: rate limit exceeded for url: https://api.github.com/repos/redteamfortress/PhantomKiller/languages
处理仓库 10/20: Liset999/ZenDesktop
获取仓库 Liset999/ZenDesktop README 失败: 403 Client Error: rate limit exceeded for url: https://api.github.com/repos/Liset999/ZenDesktop/readme
获取仓库 Liset999/ZenDesktop 语言信息失败: 403 Client Error: rate limit exceeded for url: https://api.github.com/repos/Liset999/ZenDesktop/languages
处理仓库 11/20: eversinc33/MogVMP
获取仓库 eversinc33/MogVMP README 失败: 403 Client Error: rate limit exceeded for url: https://api.github.com/repos/eversinc33/MogVMP/readme
获取仓库 eversinc33/MogVMP 语言信息失败: 403 Client Error: rate limit exceeded for url: https://api.github.com/repos/eversinc33/MogVMP/languages
处理仓库 12/20: SMCGames/Paper-Mario-ReCut
获取仓库 SMCGames/Paper-Mario-ReCut README 失败: 403 Client Error: rate limit exceeded for url: https://api.github.com/repos/SMCGames/Paper-Mario-ReCut/readme
获取仓库 SMCGames/Paper-Mario-ReCut 语言信息失败: 403 Client Error: rate limit exceeded for url: https://api.github.com/repos/SMCGames/Paper-Mario-ReCut/languages
处理仓库 13/20: gerardapennant96075336582/CapC-Pro-2
获取仓库 gerardapennant96075336582/CapC-Pro-2 README 失败: 403 Client Error: rate limit exceeded for url: https://api.github.com/repos/gerardapennant96075336582/CapC-Pro-2/readme
获取仓库 gerardapennant96075336582/CapC-Pro-2 语言信息失败: 403 Client Error: rate limit exceeded for url: https://api.github.com/repos/gerardapennant96075336582/CapC-Pro-2/languages
处理仓库 14/20: SunJaycy/GoldenEye-Recomp
获取仓库 SunJaycy/GoldenEye-Recomp README 失败: 403 Client Error: rate limit exceeded for url: https://api.github.com/repos/SunJaycy/GoldenEye-Recomp/readme
获取仓库 SunJaycy/GoldenEye-Recomp 语言信息失败: 403 Client Error: rate limit exceeded for url: https://api.github.com/repos/SunJaycy/GoldenEye-Recomp/languages
处理仓库 15/20: BJTUpupil/AscendFHE
获取仓库 BJTUpupil/AscendFHE README 失败: 403 Client Error: rate limit exceeded for url: https://api.github.com/repos/BJTUpupil/AscendFHE/readme
获取仓库 BJTUpupil/AscendFHE 语言信息失败: 403 Client Error: rate limit exceeded for url: https://api.github.com/repos/BJTUpupil/AscendFHE/languages
处理仓库 16/20: JasonLam08/cursor_agent_status_light
获取仓库 JasonLam08/cursor_agent_status_light README 失败: 403 Client Error: rate limit exceeded for url: https://api.github.com/repos/JasonLam08/cursor_agent_status_light/readme
获取仓库 JasonLam08/cursor_agent_status_light 语言信息失败: 403 Client Error: rate limit exceeded for url: https://api.github.com/repos/JasonLam08/cursor_agent_status_light/languages
处理仓库 17/20: mchughalex/skate3recomp
获取仓库 mchughalex/skate3recomp README 失败: 403 Client Error: rate limit exceeded for url: https://api.github.com/repos/mchughalex/skate3recomp/readme
获取仓库 mchughalex/skate3recomp 语言信息失败: 403 Client Error: rate limit exceeded for url: https://api.github.com/repos/mchughalex/skate3recomp/languages
处理仓库 18/20: microsoft/XBOX-Godot-Sample
获取仓库 microsoft/XBOX-Godot-Sample README 失败: 403 Client Error: rate limit exceeded for url: https://api.github.com/repos/microsoft/XBOX-Godot-Sample/readme
获取仓库 microsoft/XBOX-Godot-Sample 语言信息失败: 403 Client Error: rate limit exceeded for url: https://api.github.com/repos/microsoft/XBOX-Godot-Sample/languages
处理仓库 19/20: Jasionf/smart-home-button
获取仓库 Jasionf/smart-home-button README 失败: 403 Client Error: rate limit exceeded for url: https://api.github.com/repos/Jasionf/smart-home-button/readme
获取仓库 Jasionf/smart-home-button 语言信息失败: 403 Client Error: rate limit exceeded for url: https://api.github.com/repos/Jasionf/smart-home-button/languages
处理仓库 20/20: g0ldyy/fh6-universal-radio
获取仓库 g0ldyy/fh6-universal-radio README 失败: 403 Client Error: rate limit exceeded for url: https://api.github.com/repos/g0ldyy/fh6-universal-radio/readme
获取仓库 g0ldyy/fh6-universal-radio 语言信息失败: 403 Client Error: rate limit exceeded for url: https://api.github.com/repos/g0ldyy/fh6-universal-radio/languages
数据已保存到 /app/data/github_trending_20260615_061548.json
成功获取 20 个热门仓库的详细信息
