正在获取热门仓库...
处理仓库 1/20: steveyegge/beads
处理仓库 2/20: go-kratos/blades
处理仓库 3/20: subnetmarco/pgmcp
处理仓库 4/20: wizenheimer/blaze
处理仓库 5/20: DeprecatedLuar/better-curl-saul
处理仓库 6/20: unkn0wn-root/resterm
处理仓库 7/20: strandnerd/tunn
处理仓库 8/20: guardian-nexus/auditkit
处理仓库 9/20: Print3M/ByteCaster
处理仓库 10/20: bingcicle/friendly-potato
处理仓库 11/20: whyrusleeping/konbini
处理仓库 12/20: psyb0t/piraterf
处理仓库 13/20: Desmond-Osy/soloops-cli
处理仓库 14/20: beankeji-cloud/SLiteIO
处理仓库 15/20: itzCozi/devbox
处理仓库 16/20: AlpinDale/ssh-dashboard
处理仓库 17/20: home-operations/tuppr
处理仓库 18/20: ferrebarrat/brrtfetch
处理仓库 19/20: dunglas/frankenphp-grpc
处理仓库 20/20: hasenj/go-shirei
数据已保存到 /app/data/github_trending_20251014_021940.json
成功获取 20 个热门仓库的详细信息
