正在获取热门仓库...
处理仓库 1/20: likaia/nginxpulse
处理仓库 2/20: wesm/msgvault
处理仓库 3/20: eljojo/rememory
处理仓库 4/20: rudrankriyam/App-Store-Connect-CLI
处理仓库 5/20: run-bigpig/jcp
处理仓库 6/20: sipeed/picoclaw
处理仓库 7/20: dlorenc/multiclaude
处理仓库 8/20: geekjourneyx/md2wechat-skill
处理仓库 9/20: runkids/skillshare
处理仓库 10/20: jingkaihe/matchlock
处理仓库 11/20: umputun/ralphex
处理仓库 12/20: 241x/cdpnetool
处理仓库 13/20: zippoxer/subtask
处理仓库 14/20: TsingmaoAI/xw-cli
处理仓库 15/20: oug-t/difi
处理仓库 16/20: getplumber/plumber
处理仓库 17/20: burpheart/cursor-tap
处理仓库 18/20: haivivi/giztoy
处理仓库 19/20: net2share/dnstm
处理仓库 20/20: wy51ai/moltbotCNAPP
数据已保存到 /app/data/github_trending_20260210_034645.json
成功获取 20 个热门仓库的详细信息
