正在获取热门仓库...
处理仓库 1/20: MSNightmare/RoguePlanet
处理仓库 2/20: MatixYo/ESP32-Plane-Radar
处理仓库 3/20: mudler/parakeet.cpp
处理仓库 4/20: GridToucanRank/CapCut-Quick-Patch
处理仓库 5/20: mchughalex/skate3recomp
处理仓库 6/20: actuallyaridan/linux-devmgmt
处理仓库 7/20: AnthonySturdy/micro-radar
处理仓库 8/20: Liset999/ZenDesktop
处理仓库 9/20: eversinc33/MogVMP
处理仓库 10/20: SMCGames/Paper-Mario-ReCut
处理仓库 11/20: JasonLam08/cursor_agent_status_light
处理仓库 12/20: localai-org/privacy-filter.cpp
处理仓库 13/20: BJTUpupil/AscendFHE
处理仓库 14/20: microsoft/XBOX-Godot-Sample
处理仓库 15/20: g0ldyy/fh6-universal-radio
处理仓库 16/20: Jasionf/smart-home-button
处理仓库 17/20: mestankunter321391207/SketchUp-Vortex-Pro-2026
处理仓库 18/20: danking6/veltoc
处理仓库 19/20: Subarasheese/daytona-xbla-recomp
处理仓库 20/20: roppik/tomodachi-pc
数据已保存到 /app/data/github_trending_20260622_062223.json
成功获取 20 个热门仓库的详细信息
