正在获取热门仓库...
处理仓库 1/20: suyunkai/EVCam
处理仓库 2/20: WuKongOpenSource/AI_CRM
处理仓库 3/20: shiroha-233/MC-MMD-rust
处理仓库 4/20: DbtSpring/Milky-institute-online
处理仓库 5/20: zhixianio/botdrop-android
处理仓库 6/20: hawolt/twitch-adblock
处理仓库 7/20: Aizistral-Studios/No-Chat-Restrictions
处理仓库 8/20: Qeccentric/GlobalTraveling
处理仓库 9/20: epitome-AISS/epitome
处理仓库 10/20: AI45Lab/epitome
处理仓库 11/20: Howard20181/HyperPasskey
获取仓库 Howard20181/HyperPasskey README 失败: 404 Client Error: Not Found for url: https://api.github.com/repos/Howard20181/HyperPasskey/readme
处理仓库 12/20: hoo-dles/morphe-patches
处理仓库 13/20: ScriptedAlchemy/robinhood-decompiled
处理仓库 14/20: Partha-Sharathy-K/aws-auth-project
获取仓库 Partha-Sharathy-K/aws-auth-project README 失败: 404 Client Error: Not Found for url: https://api.github.com/repos/Partha-Sharathy-K/aws-auth-project/readme
处理仓库 15/20: xy-ygz/carbon_emission_system
处理仓库 16/20: senthilnathand/CollegeManagementSystem
处理仓库 17/20: Shanmathik06/todoJava_Springboot
获取仓库 Shanmathik06/todoJava_Springboot README 失败: 404 Client Error: Not Found for url: https://api.github.com/repos/Shanmathik06/todoJava_Springboot/readme
处理仓库 18/20: yuvashreey763-eng/github
处理仓库 19/20: Pumpkin-MC/PatchBukkit
处理仓库 20/20: Sree952/eshopppp
数据已保存到 /app/data/github_trending_20260218_033337.json
成功获取 20 个热门仓库的详细信息
