正在获取热门仓库...
处理仓库 1/20: MedUnes/go-kata
获取仓库 MedUnes/go-kata README 失败: 403 Client Error: rate limit exceeded for url: https://api.github.com/repos/MedUnes/go-kata/readme
获取仓库 MedUnes/go-kata 语言信息失败: 403 Client Error: rate limit exceeded for url: https://api.github.com/repos/MedUnes/go-kata/languages
处理仓库 2/20: fengshao1227/ccg-workflow
获取仓库 fengshao1227/ccg-workflow README 失败: 403 Client Error: rate limit exceeded for url: https://api.github.com/repos/fengshao1227/ccg-workflow/readme
获取仓库 fengshao1227/ccg-workflow 语言信息失败: 403 Client Error: rate limit exceeded for url: https://api.github.com/repos/fengshao1227/ccg-workflow/languages
处理仓库 3/20: likaia/nginxpulse
获取仓库 likaia/nginxpulse README 失败: 403 Client Error: rate limit exceeded for url: https://api.github.com/repos/likaia/nginxpulse/readme
获取仓库 likaia/nginxpulse 语言信息失败: 403 Client Error: rate limit exceeded for url: https://api.github.com/repos/likaia/nginxpulse/languages
处理仓库 4/20: yoanbernabeu/grepai
获取仓库 yoanbernabeu/grepai README 失败: 403 Client Error: rate limit exceeded for url: https://api.github.com/repos/yoanbernabeu/grepai/readme
获取仓库 yoanbernabeu/grepai 语言信息失败: 403 Client Error: rate limit exceeded for url: https://api.github.com/repos/yoanbernabeu/grepai/languages
处理仓库 5/20: sardanioss/httpcloak
获取仓库 sardanioss/httpcloak README 失败: 403 Client Error: rate limit exceeded for url: https://api.github.com/repos/sardanioss/httpcloak/readme
获取仓库 sardanioss/httpcloak 语言信息失败: 403 Client Error: rate limit exceeded for url: https://api.github.com/repos/sardanioss/httpcloak/languages
处理仓库 6/20: cordum-io/cordum
获取仓库 cordum-io/cordum README 失败: 403 Client Error: rate limit exceeded for url: https://api.github.com/repos/cordum-io/cordum/readme
获取仓库 cordum-io/cordum 语言信息失败: 403 Client Error: rate limit exceeded for url: https://api.github.com/repos/cordum-io/cordum/languages
处理仓库 7/20: finbarr/yolobox
获取仓库 finbarr/yolobox README 失败: 403 Client Error: rate limit exceeded for url: https://api.github.com/repos/finbarr/yolobox/readme
获取仓库 finbarr/yolobox 语言信息失败: 403 Client Error: rate limit exceeded for url: https://api.github.com/repos/finbarr/yolobox/languages
处理仓库 8/20: dlorenc/multiclaude
获取仓库 dlorenc/multiclaude README 失败: 403 Client Error: rate limit exceeded for url: https://api.github.com/repos/dlorenc/multiclaude/readme
获取仓库 dlorenc/multiclaude 语言信息失败: 403 Client Error: rate limit exceeded for url: https://api.github.com/repos/dlorenc/multiclaude/languages
处理仓库 9/20: geekjourneyx/md2wechat-skill
获取仓库 geekjourneyx/md2wechat-skill README 失败: 403 Client Error: rate limit exceeded for url: https://api.github.com/repos/geekjourneyx/md2wechat-skill/readme
获取仓库 geekjourneyx/md2wechat-skill 语言信息失败: 403 Client Error: rate limit exceeded for url: https://api.github.com/repos/geekjourneyx/md2wechat-skill/languages
处理仓库 10/20: roborev-dev/roborev
获取仓库 roborev-dev/roborev README 失败: 403 Client Error: rate limit exceeded for url: https://api.github.com/repos/roborev-dev/roborev/readme
获取仓库 roborev-dev/roborev 语言信息失败: 403 Client Error: rate limit exceeded for url: https://api.github.com/repos/roborev-dev/roborev/languages
处理仓库 11/20: loresuso/psc
获取仓库 loresuso/psc README 失败: 403 Client Error: rate limit exceeded for url: https://api.github.com/repos/loresuso/psc/readme
获取仓库 loresuso/psc 语言信息失败: 403 Client Error: rate limit exceeded for url: https://api.github.com/repos/loresuso/psc/languages
处理仓库 12/20: runkids/skillshare
获取仓库 runkids/skillshare README 失败: 403 Client Error: rate limit exceeded for url: https://api.github.com/repos/runkids/skillshare/readme
获取仓库 runkids/skillshare 语言信息失败: 403 Client Error: rate limit exceeded for url: https://api.github.com/repos/runkids/skillshare/languages
处理仓库 13/20: zippoxer/subtask
获取仓库 zippoxer/subtask README 失败: 403 Client Error: rate limit exceeded for url: https://api.github.com/repos/zippoxer/subtask/readme
获取仓库 zippoxer/subtask 语言信息失败: 403 Client Error: rate limit exceeded for url: https://api.github.com/repos/zippoxer/subtask/languages
处理仓库 14/20: pipethedev/distributed-system-algorithms
获取仓库 pipethedev/distributed-system-algorithms README 失败: 403 Client Error: rate limit exceeded for url: https://api.github.com/repos/pipethedev/distributed-system-algorithms/readme
获取仓库 pipethedev/distributed-system-algorithms 语言信息失败: 403 Client Error: rate limit exceeded for url: https://api.github.com/repos/pipethedev/distributed-system-algorithms/languages
处理仓库 15/20: 241x/cdpnetool
获取仓库 241x/cdpnetool README 失败: 403 Client Error: rate limit exceeded for url: https://api.github.com/repos/241x/cdpnetool/readme
获取仓库 241x/cdpnetool 语言信息失败: 403 Client Error: rate limit exceeded for url: https://api.github.com/repos/241x/cdpnetool/languages
处理仓库 16/20: 2ykwang/mac-cleanup-go
获取仓库 2ykwang/mac-cleanup-go README 失败: 403 Client Error: rate limit exceeded for url: https://api.github.com/repos/2ykwang/mac-cleanup-go/readme
获取仓库 2ykwang/mac-cleanup-go 语言信息失败: 403 Client Error: rate limit exceeded for url: https://api.github.com/repos/2ykwang/mac-cleanup-go/languages
处理仓库 17/20: hulutech-web/novel-video-workflow
获取仓库 hulutech-web/novel-video-workflow README 失败: 403 Client Error: rate limit exceeded for url: https://api.github.com/repos/hulutech-web/novel-video-workflow/readme
获取仓库 hulutech-web/novel-video-workflow 语言信息失败: 403 Client Error: rate limit exceeded for url: https://api.github.com/repos/hulutech-web/novel-video-workflow/languages
处理仓库 18/20: FootprintAI/Containarium
获取仓库 FootprintAI/Containarium README 失败: 403 Client Error: rate limit exceeded for url: https://api.github.com/repos/FootprintAI/Containarium/readme
获取仓库 FootprintAI/Containarium 语言信息失败: 403 Client Error: rate limit exceeded for url: https://api.github.com/repos/FootprintAI/Containarium/languages
处理仓库 19/20: rudrankriyam/App-Store-Connect-CLI
获取仓库 rudrankriyam/App-Store-Connect-CLI README 失败: 403 Client Error: rate limit exceeded for url: https://api.github.com/repos/rudrankriyam/App-Store-Connect-CLI/readme
获取仓库 rudrankriyam/App-Store-Connect-CLI 语言信息失败: 403 Client Error: rate limit exceeded for url: https://api.github.com/repos/rudrankriyam/App-Store-Connect-CLI/languages
处理仓库 20/20: smallnest/notex
获取仓库 smallnest/notex README 失败: 403 Client Error: rate limit exceeded for url: https://api.github.com/repos/smallnest/notex/readme
获取仓库 smallnest/notex 语言信息失败: 403 Client Error: rate limit exceeded for url: https://api.github.com/repos/smallnest/notex/languages
数据已保存到 /app/data/github_trending_20260127_030129.json
成功获取 20 个热门仓库的详细信息
