正在获取热门仓库...
处理仓库 1/20: NoFxAiOS/nofx
处理仓库 2/20: wquguru/nof0
处理仓库 3/20: steveyegge/beads
处理仓库 4/20: openpcc/openpcc
获取仓库 openpcc/openpcc README 失败: 403 Client Error: rate limit exceeded for url: https://api.github.com/repos/openpcc/openpcc/readme
获取仓库 openpcc/openpcc 语言信息失败: 403 Client Error: rate limit exceeded for url: https://api.github.com/repos/openpcc/openpcc/languages
处理仓库 5/20: samber/ro
获取仓库 samber/ro README 失败: 403 Client Error: rate limit exceeded for url: https://api.github.com/repos/samber/ro/readme
获取仓库 samber/ro 语言信息失败: 403 Client Error: rate limit exceeded for url: https://api.github.com/repos/samber/ro/languages
处理仓库 6/20: platform-engineering-labs/formae
获取仓库 platform-engineering-labs/formae README 失败: 403 Client Error: rate limit exceeded for url: https://api.github.com/repos/platform-engineering-labs/formae/readme
获取仓库 platform-engineering-labs/formae 语言信息失败: 403 Client Error: rate limit exceeded for url: https://api.github.com/repos/platform-engineering-labs/formae/languages
处理仓库 7/20: coyer1986/rapid-cipher-819
获取仓库 coyer1986/rapid-cipher-819 README 失败: 403 Client Error: rate limit exceeded for url: https://api.github.com/repos/coyer1986/rapid-cipher-819/readme
获取仓库 coyer1986/rapid-cipher-819 语言信息失败: 403 Client Error: rate limit exceeded for url: https://api.github.com/repos/coyer1986/rapid-cipher-819/languages
处理仓库 8/20: coyer1986/stoic-engine-25
获取仓库 coyer1986/stoic-engine-25 README 失败: 403 Client Error: rate limit exceeded for url: https://api.github.com/repos/coyer1986/stoic-engine-25/readme
获取仓库 coyer1986/stoic-engine-25 语言信息失败: 403 Client Error: rate limit exceeded for url: https://api.github.com/repos/coyer1986/stoic-engine-25/languages
处理仓库 9/20: coyer1986/clever-marble-821
获取仓库 coyer1986/clever-marble-821 README 失败: 403 Client Error: rate limit exceeded for url: https://api.github.com/repos/coyer1986/clever-marble-821/readme
获取仓库 coyer1986/clever-marble-821 语言信息失败: 403 Client Error: rate limit exceeded for url: https://api.github.com/repos/coyer1986/clever-marble-821/languages
处理仓库 10/20: coyer1986/go-web-server
获取仓库 coyer1986/go-web-server README 失败: 403 Client Error: rate limit exceeded for url: https://api.github.com/repos/coyer1986/go-web-server/readme
获取仓库 coyer1986/go-web-server 语言信息失败: 403 Client Error: rate limit exceeded for url: https://api.github.com/repos/coyer1986/go-web-server/languages
处理仓库 11/20: juchain-network/chain
获取仓库 juchain-network/chain README 失败: 403 Client Error: rate limit exceeded for url: https://api.github.com/repos/juchain-network/chain/readme
获取仓库 juchain-network/chain 语言信息失败: 403 Client Error: rate limit exceeded for url: https://api.github.com/repos/juchain-network/chain/languages
处理仓库 12/20: schollz/e2ecp
获取仓库 schollz/e2ecp README 失败: 403 Client Error: rate limit exceeded for url: https://api.github.com/repos/schollz/e2ecp/readme
获取仓库 schollz/e2ecp 语言信息失败: 403 Client Error: rate limit exceeded for url: https://api.github.com/repos/schollz/e2ecp/languages
处理仓库 13/20: Nomadcxx/sysc-greet
获取仓库 Nomadcxx/sysc-greet README 失败: 403 Client Error: rate limit exceeded for url: https://api.github.com/repos/Nomadcxx/sysc-greet/readme
获取仓库 Nomadcxx/sysc-greet 语言信息失败: 403 Client Error: rate limit exceeded for url: https://api.github.com/repos/Nomadcxx/sysc-greet/languages
处理仓库 14/20: superstarryeyes/bit
获取仓库 superstarryeyes/bit README 失败: 403 Client Error: rate limit exceeded for url: https://api.github.com/repos/superstarryeyes/bit/readme
获取仓库 superstarryeyes/bit 语言信息失败: 403 Client Error: rate limit exceeded for url: https://api.github.com/repos/superstarryeyes/bit/languages
处理仓库 15/20: dennisyang1986/getk
获取仓库 dennisyang1986/getk README 失败: 403 Client Error: rate limit exceeded for url: https://api.github.com/repos/dennisyang1986/getk/readme
获取仓库 dennisyang1986/getk 语言信息失败: 403 Client Error: rate limit exceeded for url: https://api.github.com/repos/dennisyang1986/getk/languages
处理仓库 16/20: geomys/sandboxed-step
获取仓库 geomys/sandboxed-step README 失败: 403 Client Error: rate limit exceeded for url: https://api.github.com/repos/geomys/sandboxed-step/readme
获取仓库 geomys/sandboxed-step 语言信息失败: 403 Client Error: rate limit exceeded for url: https://api.github.com/repos/geomys/sandboxed-step/languages
处理仓库 17/20: happyDomain/happydeliver
获取仓库 happyDomain/happydeliver README 失败: 403 Client Error: rate limit exceeded for url: https://api.github.com/repos/happyDomain/happydeliver/readme
获取仓库 happyDomain/happydeliver 语言信息失败: 403 Client Error: rate limit exceeded for url: https://api.github.com/repos/happyDomain/happydeliver/languages
处理仓库 18/20: micr0-dev/wellness-ping
获取仓库 micr0-dev/wellness-ping README 失败: 403 Client Error: rate limit exceeded for url: https://api.github.com/repos/micr0-dev/wellness-ping/readme
获取仓库 micr0-dev/wellness-ping 语言信息失败: 403 Client Error: rate limit exceeded for url: https://api.github.com/repos/micr0-dev/wellness-ping/languages
处理仓库 19/20: AlpinDale/ssh-dashboard
获取仓库 AlpinDale/ssh-dashboard README 失败: 403 Client Error: rate limit exceeded for url: https://api.github.com/repos/AlpinDale/ssh-dashboard/readme
获取仓库 AlpinDale/ssh-dashboard 语言信息失败: 403 Client Error: rate limit exceeded for url: https://api.github.com/repos/AlpinDale/ssh-dashboard/languages
处理仓库 20/20: click33/sa-token-go
获取仓库 click33/sa-token-go README 失败: 403 Client Error: rate limit exceeded for url: https://api.github.com/repos/click33/sa-token-go/readme
获取仓库 click33/sa-token-go 语言信息失败: 403 Client Error: rate limit exceeded for url: https://api.github.com/repos/click33/sa-token-go/languages
数据已保存到 /app/data/github_trending_20251111_022915.json
成功获取 20 个热门仓库的详细信息
