正在获取热门仓库...
处理仓库 1/20: AprilNEA/OpenLogi
处理仓库 2/20: EpicGames/lore
处理仓库 3/20: b-nnett/goose
处理仓库 4/20: msitarzewski/brew-browser
处理仓库 5/20: akitaonrails/ai-memory
处理仓库 6/20: vedika-io/xalen-ephemeris
处理仓库 7/20: jeff141/meatshell
处理仓库 8/20: nubjs/nub
处理仓库 9/20: anomalyco/rift
处理仓库 10/20: slothflowlabs/duckle
处理仓库 11/20: r14dd/patent
处理仓库 12/20: ProxyShard/ShardBrowser
处理仓库 13/20: duncatzat/vigils
处理仓库 14/20: IvanWng97/pixtuoid
处理仓库 15/20: jake-stewart/tuie
处理仓库 16/20: ShiroEirin/comfyui-good-anima
处理仓库 17/20: zaydmulani09/mnemo
处理仓库 18/20: canwhite/AgentEval
处理仓库 19/20: kitlangton/terminal-control
处理仓库 20/20: CodeBendKit/codeseek
数据已保存到 /app/data/github_trending_20260619_060914.json
成功获取 20 个热门仓库的详细信息
