正在获取热门仓库...
处理仓库 1/20: nexu-io/open-design
处理仓库 2/20: EvoLinkAI/awesome-gpt-image-2-API-and-Prompts
处理仓库 3/20: alchaincyf/huashu-design
处理仓库 4/20: kyegomez/OpenMythos
处理仓库 5/20: google-labs-code/design.md
处理仓库 6/20: browser-use/browser-harness
处理仓库 7/20: h4ckf0r0day/obscura
处理仓库 8/20: browser-use/video-use
处理仓库 9/20: Robbyant/lingbot-map
处理仓库 10/20: op7418/guizang-ppt-skill
处理仓库 11/20: getagentseal/codeburn
处理仓库 12/20: yizhiyanhua-ai/fireworks-tech-graph
处理仓库 13/20: OpenCoworkAI/open-codesign
处理仓库 14/20: YouMind-OpenLab/awesome-gpt-image-2
处理仓库 15/20: TencentCloud/CubeSandbox
处理仓库 16/20: tw93/Kami
处理仓库 17/20: freestylefly/awesome-gpt-image-2
处理仓库 18/20: EKKOLearnAI/hermes-web-ui
处理仓库 19/20: cursor/cookbook
处理仓库 20/20: theori-io/copy-fail-CVE-2026-31431
数据已保存到 /app/data/github_trending_20260509_041908.json
成功获取 20 个热门仓库的详细信息
