正在获取热门仓库...
处理仓库 1/20: antonmedv/gitmal
处理仓库 2/20: m0n0x41d/quint-code
处理仓库 3/20: hezhizheng/go-wxpush
处理仓库 4/20: CodeOne45/vex-tui
处理仓库 5/20: Dicklesworthstone/beads_viewer
处理仓库 6/20: moasq/production-saas-starter
获取仓库 moasq/production-saas-starter README 失败: 504 Server Error: Gateway Timeout for url: https://api.github.com/repos/moasq/production-saas-starter/readme
处理仓库 7/20: Malayke/Next.js-RSC-RCE-Scanner-CVE-2025-66478
处理仓库 8/20: guiyumin/vget
处理仓库 9/20: jasonwong1991/easy_proxies
处理仓库 10/20: JordanCoin/codemap
处理仓库 11/20: illarion/lockenv
处理仓库 12/20: VibiumDev/vibium
处理仓库 13/20: monsieurPale/RSA-Backdoor
处理仓库 14/20: AshkanYarmoradi/go-invoice-ninja
处理仓库 15/20: kiki-ki/go-qo
处理仓库 16/20: Leadaxe/singbox-launcher
处理仓库 17/20: SunshineList/luci-app-ech-workers
处理仓库 18/20: kriuchkov/tock
处理仓库 19/20: Gouryella/drip
处理仓库 20/20: shubh-io/DockMate
数据已保存到 /app/data/github_trending_20251223_025059.json
成功获取 20 个热门仓库的详细信息
