正在获取热门仓库...
处理仓库 1/20: allenk/GeminiWatermarkTool
处理仓库 2/20: cocos/cocos4
处理仓库 3/20: t3tra-dev/MoZuku
处理仓库 4/20: mausimus/ShaderBeam
处理仓库 5/20: BreakingBread0/prometheus
处理仓库 6/20: C4KEW4LK/rpi_usb_ip_display
获取仓库 C4KEW4LK/rpi_usb_ip_display README 失败: 404 Client Error: Not Found for url: https://api.github.com/repos/C4KEW4LK/rpi_usb_ip_display/readme
处理仓库 7/20: hwbp/CLR-Unhook
处理仓库 8/20: vitaut/zmij
处理仓库 9/20: klezVirus/Moonwalk--
处理仓库 10/20: NtDallas/BOF_ExecuteAssembly
处理仓库 11/20: bigai-ai/tongsim
处理仓库 12/20: hyprwm/hyprtavern
处理仓库 13/20: Vrroom/psacking
处理仓库 14/20: hwbp/LazyHook
处理仓库 15/20: klezVirus/ThreadPoolExecChain
处理仓库 16/20: jmantra/jdrummer
处理仓库 17/20: krish567366/submicro-execution-engine
处理仓库 18/20: qr243vbi/nekobox
处理仓库 19/20: SaschaWillems/HowToVulkan
处理仓库 20/20: alibaba/paimon-cpp
数据已保存到 /app/data/github_trending_20260105_030657.json
成功获取 20 个热门仓库的详细信息
