正在获取热门仓库...
处理仓库 1/20: grimmory-tools/grimmory
处理仓库 2/20: iflytek/skillhub
处理仓库 3/20: javaevolved/javaevolved.github.io
处理仓库 4/20: andforce/Andclaw
处理仓库 5/20: ynsmroztas/AndroHunter
处理仓库 6/20: egg82/fetcharr
处理仓库 7/20: danvega/spring-initializr-tui
处理仓库 8/20: zensu357/Android-CamSwap-OpenSource
处理仓库 9/20: paditianxiu/mdqq
处理仓库 10/20: CszYihen/Yihen-Drama
处理仓库 11/20: kmigiet/job-interview
处理仓库 12/20: zhaojiaqi/MeowHub
处理仓库 13/20: monogram-android/monogram
处理仓库 14/20: KXJ-WQL/SunFavorite
处理仓库 15/20: dawdadsd/Bluetooth-headset-location-software
处理仓库 16/20: adityatandon15/Java-Full-Course
处理仓库 17/20: nikolassv/md-serve
处理仓库 18/20: Mirkoddd/Sift
处理仓库 19/20: gohoski/notPipe
处理仓库 20/20: Archetypy-Oprogramowania/archetypes
数据已保存到 /app/data/github_trending_20260318_033617.json
成功获取 20 个热门仓库的详细信息
