正在获取热门仓库...
处理仓库 1/20: Tencent/hpc-ops
处理仓库 2/20: stepfun-ai/Step-3.5-Flash
处理仓库 3/20: xuankuzcr/Global-LVBA
处理仓库 4/20: shanselman/toasty
处理仓库 5/20: mystralengine/mystralnative
处理仓库 6/20: johnBuffer/StableIndexVector
处理仓库 7/20: sodasord/profanity-tron
处理仓库 8/20: TwoSevenOneT/EDRStartupHinder
处理仓库 9/20: QryptCoin-Technologies-L-L-C/Qryptcoin
处理仓库 10/20: ugomeda/home-assistant-epaper-remote
处理仓库 11/20: sqmw/MFCMouseEffect
处理仓库 12/20: lmk123568/VideoProc
处理仓库 13/20: HKUST-SAIL/Geometry-Grounded-Gaussian-Splatting
处理仓库 14/20: Mrack/TInjector_Symbi
处理仓库 15/20: ryan26craf/Hbar-Wallet-Desktop
处理仓库 16/20: JingMatrix/Vector
处理仓库 17/20: oozebot/preFlight
处理仓库 18/20: S1lkys/AudioDG.exe-DLL-Hijacking-for-LPE
处理仓库 19/20: EvilBytecode/CustomDpapi
处理仓库 20/20: zer0condition/NTMemory
数据已保存到 /app/data/github_trending_20260209_033817.json
成功获取 20 个热门仓库的详细信息
