正在获取热门仓库...
处理仓库 1/20: sipeed/picoclaw
处理仓库 2/20: wesm/msgvault
处理仓库 3/20: rudrankriyam/App-Store-Connect-CLI
处理仓库 4/20: eljojo/rememory
处理仓库 5/20: RevylAI/greenlight
处理仓库 6/20: mickamy/sql-tap
处理仓库 7/20: run-bigpig/jcp
处理仓库 8/20: mosaxiv/clawlet
处理仓库 9/20: dlorenc/multiclaude
处理仓库 10/20: jingkaihe/matchlock
处理仓库 11/20: umputun/ralphex
处理仓库 12/20: marcus/nightshift
处理仓库 13/20: klawsh/klaw.sh
处理仓库 14/20: 241x/cdpnetool
处理仓库 15/20: TsingmaoAI/xw-cli
处理仓库 16/20: oug-t/difi
处理仓库 17/20: DataDog/pup
处理仓库 18/20: simonw/showboat
处理仓库 19/20: getplumber/plumber
处理仓库 20/20: haivivi/giztoy
数据已保存到 /app/data/github_trending_20260217_033118.json
成功获取 20 个热门仓库的详细信息
