正在获取热门仓库...
处理仓库 1/20: cocos/cocos4
处理仓库 2/20: BreakingBread0/prometheus
处理仓库 3/20: mausimus/ShaderBeam
处理仓库 4/20: yuaotian/antigravity-proxy
处理仓库 5/20: dmcke5/Hapticpad
处理仓库 6/20: klezVirus/Moonwalk--
处理仓库 7/20: NtDallas/BOF_ExecuteAssembly
处理仓库 8/20: bigai-ai/tongsim
处理仓库 9/20: SaschaWillems/HowToVulkan
处理仓库 10/20: Vrroom/psacking
处理仓库 11/20: Aethersailor/SubConverter-Extended
处理仓库 12/20: xuankuzcr/Global-LVBA
处理仓库 13/20: jmantra/jdrummer
处理仓库 14/20: klezVirus/ThreadPoolExecChain
处理仓库 15/20: shanselman/toasty
处理仓库 16/20: amcchord/M5Tab-Macintosh
处理仓库 17/20: tiagolr/qdelay
处理仓库 18/20: krish567366/submicro-execution-engine
处理仓库 19/20: PeterHackz/zyrox
处理仓库 20/20: nittamas/UniDx
数据已保存到 /app/data/github_trending_20260112_030153.json
成功获取 20 个热门仓库的详细信息
