正在获取热门仓库...
处理仓库 1/20: alibaba/open-code-review
处理仓库 2/20: perplexityai/bumblebee
处理仓库 3/20: MatinSenPai/SenPaiScanner
处理仓库 4/20: nianzhibai/91
处理仓库 5/20: tastyeffectco/sandboxd
处理仓库 6/20: agent-substrate/substrate
处理仓库 7/20: DEEIX-AI/DEEIX-Chat
处理仓库 8/20: officecli/officedex
处理仓库 9/20: mvanhorn/agentcookie
处理仓库 10/20: getcrew44/crew44
处理仓库 11/20: tidwall/btype
处理仓库 12/20: walkingddd/CPA-Helper
处理仓库 13/20: rockorager/comview
处理仓库 14/20: rstagit/rstaspoof
处理仓库 15/20: Asymptote-Labs/agent-beacon
处理仓库 16/20: ongridio/ongrid
处理仓库 17/20: packyme/privacy-filter
处理仓库 18/20: FengZi1221/proxy-installer
处理仓库 19/20: HotRiceNoodles/CrossLink
处理仓库 20/20: kulikov0/whitelist-bypass-iran
数据已保存到 /app/data/github_trending_20260609_045837.json
成功获取 20 个热门仓库的详细信息
