正在获取热门仓库...
处理仓库 1/20: UZDoom/UZDoom
处理仓库 2/20: coyer1986/clever-forge-586
处理仓库 3/20: ghostmkg/dsa-code
处理仓库 4/20: schellingb/dosbox-pure-unleashed
处理仓库 5/20: SLMolenaar/orderbook-simulator-cpp
处理仓库 6/20: hyprwm/hyprlauncher
处理仓库 7/20: sankha-ghosh/Browser-Data-Grabber
处理仓库 8/20: meta-pytorch/torchcomms
处理仓库 9/20: Answerr/bypass-all
处理仓库 10/20: 0xTriboulet/InlineExecuteEx
处理仓库 11/20: 93won/lidar_odometry_ros_wrapper
处理仓库 12/20: Sfregs/ZeroCrumb
处理仓库 13/20: Tellusim/Tellusim_Core_SDK
处理仓库 14/20: LadybugDB/ladybug
处理仓库 15/20: sapdragon/hint-break
处理仓库 16/20: ashtonsix/perf-portfolio
处理仓库 17/20: Pterosoft/-CRYENGINE-Community-Edition-
处理仓库 18/20: symeonp/Lenovo-CVE-2025-8061
处理仓库 19/20: hkl1x/Bypass_AV
处理仓库 20/20: Quant-Enthusiasts/Quant-Enthusiasts-Risk-Engine
数据已保存到 /app/data/github_trending_20251027_024517.json
成功获取 20 个热门仓库的详细信息
