正在获取热门仓库...
处理仓库 1/20: yuaotian/antigravity-proxy
处理仓库 2/20: Tencent/hpc-ops
处理仓库 3/20: dmcke5/Hapticpad
处理仓库 4/20: io-eric/coi
处理仓库 5/20: xuankuzcr/Global-LVBA
处理仓库 6/20: shanselman/toasty
处理仓库 7/20: TwoSevenOneT/EDRStartupHinder
处理仓库 8/20: mystralengine/mystralnative
处理仓库 9/20: amcchord/M5Tab-Macintosh
处理仓库 10/20: sodasord/profanity-tron
处理仓库 11/20: ugomeda/home-assistant-epaper-remote
处理仓库 12/20: Mrack/TInjector_Symbi
处理仓库 13/20: QryptCoin-Technologies-L-L-C/Qryptcoin
处理仓库 14/20: stepfun-ai/Step-3.5-Flash
处理仓库 15/20: EvilBytecode/IDontLikeFileLocks
处理仓库 16/20: LabGuy94/CopyMyWrite
处理仓库 17/20: lmk123568/PyNvVideoPipe
处理仓库 18/20: runner365/RTCPilot
处理仓库 19/20: S1lkys/AudioDG.exe-DLL-Hijacking-for-LPE
处理仓库 20/20: zer0condition/NTMemory
数据已保存到 /app/data/github_trending_20260202_033610.json
成功获取 20 个热门仓库的详细信息
