正在获取热门仓库...
处理仓库 1/20: grimmory-tools/grimmory
处理仓库 2/20: iflytek/skillhub
处理仓库 3/20: elder-plinius/V3SP3R
处理仓库 4/20: jobrunr/JavaClaw
处理仓库 5/20: andforce/Andclaw
处理仓库 6/20: ynsmroztas/AndroHunter
处理仓库 7/20: TACOWASA059/katamariio
处理仓库 8/20: openmemind/memind
处理仓库 9/20: Zoeille/picsou-finance
处理仓库 10/20: jsbzg/show
处理仓库 11/20: zhaojiaqi/MeowHub
处理仓库 12/20: blackprince0747/SkyNet-Vantage
处理仓库 13/20: lingxisec/ShiroAttack2_bypass
处理仓库 14/20: xiaowuDev/Bluetooth-headset-location-software
处理仓库 15/20: Jstrom2022/webSSH
处理仓库 16/20: wukangxin/ai-agent-learning
处理仓库 17/20: gohoski/notPipe
处理仓库 18/20: Howard20181/HyperOS_FCM_Live
处理仓库 19/20: nikolassv/md-serve
处理仓库 20/20: shanqiu127/Warehouse-Management-System-
数据已保存到 /app/data/github_trending_20260401_035753.json
成功获取 20 个热门仓库的详细信息
