正在获取热门仓库...
处理仓库 1/20: HuzefaUsama25/ai-humanizer-api
处理仓库 2/20: lodestone-rock/RamTorch
处理仓库 3/20: duongtsa/Telegram-Adding-Users
处理仓库 4/20: KolosalAI/model-memory-calculator
处理仓库 5/20: dis0rder0x00/obex
处理仓库 6/20: QBCoreStore/qb-phone-pro
处理仓库 7/20: forum-online-protocol/contracts
处理仓库 8/20: InternRobotics/InternVLA-A1
处理仓库 9/20: i3T4AN/Kali_Linux_MCP
处理仓库 10/20: ankitsharma-tech/Student-Success-Analysis
处理仓库 11/20: ankitsharma-tech/Time-Management-Tool
处理仓库 12/20: ankitsharma-tech/Student-Performance-Prediction
处理仓库 13/20: ankitsharma-tech/AI-Object-Detection
处理仓库 14/20: SheenHalo/Book-video-generate
处理仓库 15/20: stream-sec/cdrgoat
处理仓库 16/20: ardakazanci/LiquidGlass-JetpackCompose
处理仓库 17/20: lukky-nl/Magic-Door-Godot-4.5-release-page
获取仓库 lukky-nl/Magic-Door-Godot-4.5-release-page README 失败: 404 Client Error: Not Found for url: https://api.github.com/repos/lukky-nl/Magic-Door-Godot-4.5-release-page/readme
处理仓库 18/20: danghb/moyu_yolov8
处理仓库 19/20: hvoking/geobots.xyz
处理仓库 20/20: Kaisor-Yuan/AD-DINOv3
数据已保存到 /app/data/github_trending_20250919_005425.json
成功获取 20 个热门仓库的详细信息
