正在获取热门仓库...
处理仓库 1/20: yuaotian/antigravity-proxy
处理仓库 2/20: BreakingBread0/prometheus
处理仓库 3/20: dmcke5/Hapticpad
处理仓库 4/20: Tencent/hpc-ops
处理仓库 5/20: io-eric/coi
处理仓库 6/20: ef1500/libbbf
处理仓库 7/20: xuankuzcr/Global-LVBA
处理仓库 8/20: shanselman/toasty
处理仓库 9/20: TwoSevenOneT/EDRStartupHinder
处理仓库 10/20: Cyxuan0311/PNANA
处理仓库 11/20: amcchord/M5Tab-Macintosh
处理仓库 12/20: not1cyyy/Kiroshi
处理仓库 13/20: KoStard/ESP32S3-USB-Keyboard-To-BLE
处理仓库 14/20: Mrack/TInjector_Symbi
处理仓库 15/20: EvilBytecode/IDontLikeFileLocks
处理仓库 16/20: LabGuy94/CopyMyWrite
处理仓库 17/20: scomup/likd-tree
处理仓库 18/20: PeterHackz/zyrox
处理仓库 19/20: 0015/PocketSSH
处理仓库 20/20: runner365/RTCPilot
数据已保存到 /app/data/github_trending_20260126_030914.json
成功获取 20 个热门仓库的详细信息
