正在获取热门仓库...
处理仓库 1/20: UZDoom/UZDoom
处理仓库 2/20: TwoSevenOneT/EDR-Freeze
处理仓库 3/20: ghostmkg/dsa-code
处理仓库 4/20: BalajeS/WSL-For-FreeBSD
处理仓库 5/20: 93won/lidar_odometry
处理仓库 6/20: hackerhouse-opensource/SetupHijack
处理仓库 7/20: goudvuur/sonshell
处理仓库 8/20: IST-DASLab/llmq
处理仓库 9/20: SLMolenaar/orderbook-simulator-cpp
处理仓库 10/20: TheCherno/Architecture
处理仓库 11/20: hyprwm/hyprlauncher
处理仓库 12/20: Wemino/MarkerPatch
处理仓库 13/20: tile-ai/tilelang-ascend
处理仓库 14/20: Answerr/bypass-all
处理仓库 15/20: 93won/lidar_odometry_ros_wrapper
处理仓库 16/20: ashtonsix/perf-portfolio
处理仓库 17/20: Pterosoft/-CRYENGINE-Community-Edition-
处理仓库 18/20: 0xTriboulet/InlineExecuteEx
处理仓库 19/20: sapdragon/hint-break
处理仓库 20/20: hkl1x/Bypass_AV
数据已保存到 /app/data/github_trending_20251020_023026.json
成功获取 20 个热门仓库的详细信息
