正在获取热门仓库...
处理仓库 1/20: therealaleph/MasterHttpRelayVPN-RUST
获取仓库 therealaleph/MasterHttpRelayVPN-RUST README 失败: 403 Client Error: rate limit exceeded for url: https://api.github.com/repos/therealaleph/MasterHttpRelayVPN-RUST/readme
获取仓库 therealaleph/MasterHttpRelayVPN-RUST 语言信息失败: 403 Client Error: rate limit exceeded for url: https://api.github.com/repos/therealaleph/MasterHttpRelayVPN-RUST/languages
处理仓库 2/20: jackwener/wx-cli
获取仓库 jackwener/wx-cli README 失败: 403 Client Error: rate limit exceeded for url: https://api.github.com/repos/jackwener/wx-cli/readme
获取仓库 jackwener/wx-cli 语言信息失败: 403 Client Error: rate limit exceeded for url: https://api.github.com/repos/jackwener/wx-cli/languages
处理仓库 3/20: orhun/ratty
获取仓库 orhun/ratty README 失败: 403 Client Error: rate limit exceeded for url: https://api.github.com/repos/orhun/ratty/readme
获取仓库 orhun/ratty 语言信息失败: 403 Client Error: rate limit exceeded for url: https://api.github.com/repos/orhun/ratty/languages
处理仓库 4/20: NVlabs/cuda-oxide
获取仓库 NVlabs/cuda-oxide README 失败: 403 Client Error: rate limit exceeded for url: https://api.github.com/repos/NVlabs/cuda-oxide/readme
获取仓库 NVlabs/cuda-oxide 语言信息失败: 403 Client Error: rate limit exceeded for url: https://api.github.com/repos/NVlabs/cuda-oxide/languages
处理仓库 5/20: WeaveMindAI/weft
获取仓库 WeaveMindAI/weft README 失败: 403 Client Error: rate limit exceeded for url: https://api.github.com/repos/WeaveMindAI/weft/readme
获取仓库 WeaveMindAI/weft 语言信息失败: 403 Client Error: rate limit exceeded for url: https://api.github.com/repos/WeaveMindAI/weft/languages
处理仓库 6/20: endevco/aube
获取仓库 endevco/aube README 失败: 403 Client Error: rate limit exceeded for url: https://api.github.com/repos/endevco/aube/readme
获取仓库 endevco/aube 语言信息失败: 403 Client Error: rate limit exceeded for url: https://api.github.com/repos/endevco/aube/languages
处理仓库 7/20: thClaws/thClaws
获取仓库 thClaws/thClaws README 失败: 403 Client Error: rate limit exceeded for url: https://api.github.com/repos/thClaws/thClaws/readme
获取仓库 thClaws/thClaws 语言信息失败: 403 Client Error: rate limit exceeded for url: https://api.github.com/repos/thClaws/thClaws/languages
处理仓库 8/20: PentHertz/LUKSbox
获取仓库 PentHertz/LUKSbox README 失败: 403 Client Error: rate limit exceeded for url: https://api.github.com/repos/PentHertz/LUKSbox/readme
获取仓库 PentHertz/LUKSbox 语言信息失败: 403 Client Error: rate limit exceeded for url: https://api.github.com/repos/PentHertz/LUKSbox/languages
处理仓库 9/20: ChristianJR19/p-peg
获取仓库 ChristianJR19/p-peg README 失败: 403 Client Error: rate limit exceeded for url: https://api.github.com/repos/ChristianJR19/p-peg/readme
获取仓库 ChristianJR19/p-peg 语言信息失败: 403 Client Error: rate limit exceeded for url: https://api.github.com/repos/ChristianJR19/p-peg/languages
处理仓库 10/20: matthart1983/syswatch
获取仓库 matthart1983/syswatch README 失败: 403 Client Error: rate limit exceeded for url: https://api.github.com/repos/matthart1983/syswatch/readme
获取仓库 matthart1983/syswatch 语言信息失败: 403 Client Error: rate limit exceeded for url: https://api.github.com/repos/matthart1983/syswatch/languages
处理仓库 11/20: by-scott/cortex
获取仓库 by-scott/cortex README 失败: 403 Client Error: rate limit exceeded for url: https://api.github.com/repos/by-scott/cortex/readme
获取仓库 by-scott/cortex 语言信息失败: 403 Client Error: rate limit exceeded for url: https://api.github.com/repos/by-scott/cortex/languages
处理仓库 12/20: r1n7aro/Locus
获取仓库 r1n7aro/Locus README 失败: 403 Client Error: rate limit exceeded for url: https://api.github.com/repos/r1n7aro/Locus/readme
获取仓库 r1n7aro/Locus 语言信息失败: 403 Client Error: rate limit exceeded for url: https://api.github.com/repos/r1n7aro/Locus/languages
处理仓库 13/20: chojs23/concord
获取仓库 chojs23/concord README 失败: 403 Client Error: rate limit exceeded for url: https://api.github.com/repos/chojs23/concord/readme
获取仓库 chojs23/concord 语言信息失败: 403 Client Error: rate limit exceeded for url: https://api.github.com/repos/chojs23/concord/languages
处理仓库 14/20: Avarok-Cybersecurity/atlas
获取仓库 Avarok-Cybersecurity/atlas README 失败: 403 Client Error: rate limit exceeded for url: https://api.github.com/repos/Avarok-Cybersecurity/atlas/readme
获取仓库 Avarok-Cybersecurity/atlas 语言信息失败: 403 Client Error: rate limit exceeded for url: https://api.github.com/repos/Avarok-Cybersecurity/atlas/languages
处理仓库 15/20: ArcaneNibble/awawausb
获取仓库 ArcaneNibble/awawausb README 失败: 403 Client Error: rate limit exceeded for url: https://api.github.com/repos/ArcaneNibble/awawausb/readme
获取仓库 ArcaneNibble/awawausb 语言信息失败: 403 Client Error: rate limit exceeded for url: https://api.github.com/repos/ArcaneNibble/awawausb/languages
处理仓库 16/20: statewright/statewright
获取仓库 statewright/statewright README 失败: 403 Client Error: rate limit exceeded for url: https://api.github.com/repos/statewright/statewright/readme
获取仓库 statewright/statewright 语言信息失败: 403 Client Error: rate limit exceeded for url: https://api.github.com/repos/statewright/statewright/languages
处理仓库 17/20: loyalpartner/selfsync
获取仓库 loyalpartner/selfsync README 失败: 403 Client Error: rate limit exceeded for url: https://api.github.com/repos/loyalpartner/selfsync/readme
获取仓库 loyalpartner/selfsync 语言信息失败: 403 Client Error: rate limit exceeded for url: https://api.github.com/repos/loyalpartner/selfsync/languages
处理仓库 18/20: PiNetwork/SmartContracts
获取仓库 PiNetwork/SmartContracts README 失败: 403 Client Error: rate limit exceeded for url: https://api.github.com/repos/PiNetwork/SmartContracts/readme
获取仓库 PiNetwork/SmartContracts 语言信息失败: 403 Client Error: rate limit exceeded for url: https://api.github.com/repos/PiNetwork/SmartContracts/languages
处理仓库 19/20: wojtczyk/trust
获取仓库 wojtczyk/trust README 失败: 403 Client Error: rate limit exceeded for url: https://api.github.com/repos/wojtczyk/trust/readme
获取仓库 wojtczyk/trust 语言信息失败: 403 Client Error: rate limit exceeded for url: https://api.github.com/repos/wojtczyk/trust/languages
处理仓库 20/20: reakjra/omikuji
获取仓库 reakjra/omikuji README 失败: 403 Client Error: rate limit exceeded for url: https://api.github.com/repos/reakjra/omikuji/readme
获取仓库 reakjra/omikuji 语言信息失败: 403 Client Error: rate limit exceeded for url: https://api.github.com/repos/reakjra/omikuji/languages
数据已保存到 /app/data/github_trending_20260515_044313.json
成功获取 20 个热门仓库的详细信息
