正在获取热门仓库...
处理仓库 1/20: pewdiepie-archdaemon/odysseus
处理仓库 2/20: DietrichGebert/ponytail
处理仓库 3/20: XiaomiMiMo/MiMo-Code
处理仓库 4/20: baidu/Unlimited-OCR
处理仓库 5/20: unicity-astrid/book
处理仓库 6/20: unicity-astrid/handbook
处理仓库 7/20: shadcn/improve
处理仓库 8/20: StarTrail-org/PixelRAG
处理仓库 9/20: zgwl/chinese-buy-us-stock-guide
处理仓库 10/20: omnigent-ai/omnigent
处理仓库 11/20: diffusionstudio/lottie
处理仓库 12/20: V0id-v2/Void-Tools-v2.0
处理仓库 13/20: Gloridust/WechatOnCloud
处理仓库 14/20: zhongerxin/Cowart
处理仓库 15/20: cpaczek/skylight
处理仓库 16/20: BuilderIO/skills
处理仓库 17/20: cobusgreyling/loop-engineering
处理仓库 18/20: vercel/eve
处理仓库 19/20: b-nnett/goose
处理仓库 20/20: Waishnav/devspace
数据已保存到 /app/data/github_trending_20260627_044425.json
成功获取 20 个热门仓库的详细信息
