正在获取热门仓库...
处理仓库 1/20: AidanPark/openclaw-android
处理仓库 2/20: javaevolved/javaevolved.github.io
处理仓库 3/20: ynsmroztas/AndroHunter
处理仓库 4/20: Howard20181/HyperPasskey
获取仓库 Howard20181/HyperPasskey README 失败: 404 Client Error: Not Found for url: https://api.github.com/repos/Howard20181/HyperPasskey/readme
处理仓库 5/20: danvega/spring-initializr-tui
处理仓库 6/20: BigGG-Guardian/guardian
处理仓库 7/20: Nobodiiiii/Ponderer
处理仓库 8/20: paditianxiu/mdqq
处理仓库 9/20: zensu357/Android-CamSwap-OpenSource
处理仓库 10/20: kmigiet/job-interview
获取仓库 kmigiet/job-interview 语言信息失败: 403 Client Error: rate limit exceeded for url: https://api.github.com/repos/kmigiet/job-interview/languages
处理仓库 11/20: krema-build/krema
获取仓库 krema-build/krema README 失败: 403 Client Error: rate limit exceeded for url: https://api.github.com/repos/krema-build/krema/readme
获取仓库 krema-build/krema 语言信息失败: 403 Client Error: rate limit exceeded for url: https://api.github.com/repos/krema-build/krema/languages
处理仓库 12/20: yucheng-ou/kaleido-ai
获取仓库 yucheng-ou/kaleido-ai README 失败: 403 Client Error: rate limit exceeded for url: https://api.github.com/repos/yucheng-ou/kaleido-ai/readme
获取仓库 yucheng-ou/kaleido-ai 语言信息失败: 403 Client Error: rate limit exceeded for url: https://api.github.com/repos/yucheng-ou/kaleido-ai/languages
处理仓库 13/20: erroralex/Latent-Library
获取仓库 erroralex/Latent-Library README 失败: 403 Client Error: rate limit exceeded for url: https://api.github.com/repos/erroralex/Latent-Library/readme
获取仓库 erroralex/Latent-Library 语言信息失败: 403 Client Error: rate limit exceeded for url: https://api.github.com/repos/erroralex/Latent-Library/languages
处理仓库 14/20: KarryViber/orb-eye
获取仓库 KarryViber/orb-eye README 失败: 403 Client Error: rate limit exceeded for url: https://api.github.com/repos/KarryViber/orb-eye/readme
获取仓库 KarryViber/orb-eye 语言信息失败: 403 Client Error: rate limit exceeded for url: https://api.github.com/repos/KarryViber/orb-eye/languages
处理仓库 15/20: KXJ-WQL/SunFavorite
获取仓库 KXJ-WQL/SunFavorite README 失败: 403 Client Error: rate limit exceeded for url: https://api.github.com/repos/KXJ-WQL/SunFavorite/readme
获取仓库 KXJ-WQL/SunFavorite 语言信息失败: 403 Client Error: rate limit exceeded for url: https://api.github.com/repos/KXJ-WQL/SunFavorite/languages
处理仓库 16/20: wuuJiawei/ThreadForge
获取仓库 wuuJiawei/ThreadForge README 失败: 403 Client Error: rate limit exceeded for url: https://api.github.com/repos/wuuJiawei/ThreadForge/readme
获取仓库 wuuJiawei/ThreadForge 语言信息失败: 403 Client Error: rate limit exceeded for url: https://api.github.com/repos/wuuJiawei/ThreadForge/languages
处理仓库 17/20: monogram-android/monogram
获取仓库 monogram-android/monogram README 失败: 403 Client Error: rate limit exceeded for url: https://api.github.com/repos/monogram-android/monogram/readme
获取仓库 monogram-android/monogram 语言信息失败: 403 Client Error: rate limit exceeded for url: https://api.github.com/repos/monogram-android/monogram/languages
处理仓库 18/20: fugazi/test-automation-skills-agents
获取仓库 fugazi/test-automation-skills-agents README 失败: 403 Client Error: rate limit exceeded for url: https://api.github.com/repos/fugazi/test-automation-skills-agents/readme
获取仓库 fugazi/test-automation-skills-agents 语言信息失败: 403 Client Error: rate limit exceeded for url: https://api.github.com/repos/fugazi/test-automation-skills-agents/languages
处理仓库 19/20: adityatandon15/Java-Full-Course
获取仓库 adityatandon15/Java-Full-Course README 失败: 403 Client Error: rate limit exceeded for url: https://api.github.com/repos/adityatandon15/Java-Full-Course/readme
获取仓库 adityatandon15/Java-Full-Course 语言信息失败: 403 Client Error: rate limit exceeded for url: https://api.github.com/repos/adityatandon15/Java-Full-Course/languages
处理仓库 20/20: KXJ-WQL/PortalWebsiteSystem
获取仓库 KXJ-WQL/PortalWebsiteSystem README 失败: 403 Client Error: rate limit exceeded for url: https://api.github.com/repos/KXJ-WQL/PortalWebsiteSystem/readme
获取仓库 KXJ-WQL/PortalWebsiteSystem 语言信息失败: 403 Client Error: rate limit exceeded for url: https://api.github.com/repos/KXJ-WQL/PortalWebsiteSystem/languages
数据已保存到 /app/data/github_trending_20260311_032204.json
成功获取 20 个热门仓库的详细信息
