正在获取热门仓库...
处理仓库 1/20: Snailclimb/interview-guide
处理仓库 2/20: spring-ai-alibaba/AssistantAgent
处理仓库 3/20: darkfiv/DouSql
处理仓库 4/20: realBritakee/hytale-template-plugin
处理仓库 5/20: noVibe/DnsConf
处理仓库 6/20: ray-em/openmrs-core
处理仓库 7/20: kusoroadeolu/annote
处理仓库 8/20: Bit0r/java-util
获取仓库 Bit0r/java-util README 失败: 404 Client Error: Not Found for url: https://api.github.com/repos/Bit0r/java-util/readme
处理仓库 9/20: qingzhou-dev/push-server
处理仓库 10/20: Kaupenjoe/Hytale-Example-Plugin
处理仓库 11/20: cxOrz/AnyWhere
处理仓库 12/20: sivaprasadreddy/spring-boot-application-architecture-patterns
处理仓库 13/20: jd-opensource/JDOxyGent4J
处理仓库 14/20: BitTheByte/Jarida
处理仓库 15/20: Open-Commerce-Protocol/ucp-sdk-java
处理仓库 16/20: Dulcinea-J/class-winter-master
获取仓库 Dulcinea-J/class-winter-master README 失败: 404 Client Error: Not Found for url: https://api.github.com/repos/Dulcinea-J/class-winter-master/readme
处理仓库 17/20: sammwyy/Hytale-Plugin-Examples
处理仓库 18/20: qicesun/SRE-Agent-App
处理仓库 19/20: Syngnat/missav-bot
处理仓库 20/20: hardwood-hq/hardwood
数据已保存到 /app/data/github_trending_20260121_025605.json
成功获取 20 个热门仓库的详细信息
