正在获取热门仓库...
处理仓库 1/20: MemPalace/mempalace
处理仓库 2/20: safishamsi/graphify
处理仓库 3/20: JuliusBrussee/caveman
处理仓库 4/20: titanwings/colleague-skill
处理仓库 5/20: aiming-lab/AutoResearchClaw
处理仓库 6/20: HKUDS/OpenHarness
处理仓库 7/20: alchaincyf/nuwa-skill
处理仓库 8/20: TheTom/turboquant_plus
处理仓库 9/20: tvytlx/ai-agent-deep-dive
处理仓库 10/20: HKUDS/OpenSpace
处理仓库 11/20: HKUDS/ClawTeam
处理仓库 12/20: therealXiaomanChu/ex-skill
处理仓库 13/20: kevinrgu/autoagent
处理仓库 14/20: ssrajadh/sentrysearch
处理仓库 15/20: k2-fsa/OmniVoice
处理仓库 16/20: zc-zhangchen/any-auto-register
处理仓库 17/20: Keychron/Keychron-Keyboards-Hardware-Design
处理仓库 18/20: alvinreal/awesome-opensource-ai
处理仓库 19/20: arman-bd/guppylm
处理仓库 20/20: rohitg00/ai-engineering-from-scratch
数据已保存到 /app/data/github_trending_20260412_035850.json
成功获取 20 个热门仓库的详细信息
