正在获取热门仓库...
处理仓库 1/20: pinchtab/pinchtab
处理仓库 2/20: taigrr/spank
处理仓库 3/20: mickamy/sql-tap
处理仓库 4/20: RevylAI/greenlight
处理仓库 5/20: Gentleman-Programming/engram
处理仓库 6/20: bjarneo/cliamp
处理仓库 7/20: chenhg5/cc-connect
处理仓库 8/20: mosaxiv/clawlet
处理仓库 9/20: nextlevelbuilder/goclaw
处理仓库 10/20: thellimist/clihub
处理仓库 11/20: klawsh/klaw.sh
处理仓库 12/20: simonw/rodney
处理仓库 13/20: kamranahmedse/slim
处理仓库 14/20: steipete/discrawl
处理仓库 15/20: wesm/agentsview
处理仓库 16/20: Resinat/Resin
处理仓库 17/20: odvcencio/gotreesitter
处理仓库 18/20: karpathy/agenthub
处理仓库 19/20: Kxiandaoyan/Memoh-v2
处理仓库 20/20: c0m4r/kula
数据已保存到 /app/data/github_trending_20260310_032245.json
成功获取 20 个热门仓库的详细信息
