正在获取热门仓库...
处理仓库 1/20: OpenYSM/OpenYSM
处理仓库 2/20: LSPosed/DirtySepolicy
处理仓库 3/20: Lucas0623z/NoteLite
处理仓库 4/20: zoyluoblue/mc_aiplayer
处理仓库 5/20: intave/intave
处理仓库 6/20: ClouGence/open-cdm
处理仓库 7/20: actionow-ai/actionow
处理仓库 8/20: wangyingqi-x/workflow-showcase-platform
处理仓库 9/20: ZJunCher/xiaoyan-ai-dev-assistant
处理仓库 10/20: perryvegehan/UPI_Without_Internet
处理仓库 11/20: t1804330987/DD_Rag
处理仓库 12/20: striga-ai/CVE-2026-34486
处理仓库 13/20: joshleaves/ghidra-snes
处理仓库 14/20: jfinal/aifei
处理仓库 15/20: HappyNewYear1995/UBA-X
处理仓库 16/20: DataHoopoeRefresh/Hytale-Mods-2026
获取仓库 DataHoopoeRefresh/Hytale-Mods-2026 README 失败: 404 Client Error: Not Found for url: https://api.github.com/repos/DataHoopoeRefresh/Hytale-Mods-2026/readme
处理仓库 17/20: xup6jammy/Sales-AI
处理仓库 18/20: q644266189/aiagentdemo
处理仓库 19/20: Catherines77/ActiveMQ-EXPtools
处理仓库 20/20: Centralramesmerize/JetBrains-IntelliJ-IDEA-Ultimate-2026
获取仓库 Centralramesmerize/JetBrains-IntelliJ-IDEA-Ultimate-2026 README 失败: 404 Client Error: Not Found for url: https://api.github.com/repos/Centralramesmerize/JetBrains-IntelliJ-IDEA-Ultimate-2026/readme
数据已保存到 /app/data/github_trending_20260520_045804.json
成功获取 20 个热门仓库的详细信息
