正在获取热门仓库...
处理仓库 1/20: antirez/ds4
处理仓库 2/20: BigPizzaV3/CodexPlusPlus
处理仓库 3/20: FULU-Foundation/OrcaSlicer-bambulab
处理仓库 4/20: nexu-io/html-anything
处理仓库 5/20: darrylmorley/whatcable
处理仓库 6/20: V4bel/dirtyfrag
处理仓库 7/20: vercel-labs/zerolang
处理仓库 8/20: vercel-labs/zero-native
处理仓库 9/20: perplexityai/bumblebee
处理仓库 10/20: simplifaisoul/osiris
处理仓库 11/20: FoundZiGu/GuJumpgate
处理仓库 12/20: XBuilderLAB/cheat-on-content
处理仓库 13/20: vercel-labs/deepsec
处理仓库 14/20: microsoft/SkillOpt
处理仓库 15/20: simonlin1212/a-stock-data
处理仓库 16/20: strukto-ai/mirage
处理仓库 17/20: crafter-station/petdex
处理仓库 18/20: thananon/9arm-skills
处理仓库 19/20: virgiliojr94/book-to-skill
处理仓库 20/20: huangserva/3DCellForge
数据已保存到 /app/data/github_trending_20260530_044445.json
成功获取 20 个热门仓库的详细信息
