正在获取热门仓库...
处理仓库 1/20: Ayndpa/ConnectTool
处理仓库 2/20: TelegramMessenger/cocoon
处理仓库 3/20: soufianekhiat/ImAnim
处理仓库 4/20: NullPxl/banrays
获取仓库 NullPxl/banrays 语言信息失败: 403 Client Error: rate limit exceeded for url: https://api.github.com/repos/NullPxl/banrays/languages
处理仓库 5/20: xoxor4d/gta4-rtx
获取仓库 xoxor4d/gta4-rtx README 失败: 403 Client Error: rate limit exceeded for url: https://api.github.com/repos/xoxor4d/gta4-rtx/readme
获取仓库 xoxor4d/gta4-rtx 语言信息失败: 403 Client Error: rate limit exceeded for url: https://api.github.com/repos/xoxor4d/gta4-rtx/languages
处理仓库 6/20: mit-han-lab/flash-moba
获取仓库 mit-han-lab/flash-moba README 失败: 403 Client Error: rate limit exceeded for url: https://api.github.com/repos/mit-han-lab/flash-moba/readme
获取仓库 mit-han-lab/flash-moba 语言信息失败: 403 Client Error: rate limit exceeded for url: https://api.github.com/repos/mit-han-lab/flash-moba/languages
处理仓库 7/20: ricardojoserf/SAMDump
获取仓库 ricardojoserf/SAMDump README 失败: 403 Client Error: rate limit exceeded for url: https://api.github.com/repos/ricardojoserf/SAMDump/readme
获取仓库 ricardojoserf/SAMDump 语言信息失败: 403 Client Error: rate limit exceeded for url: https://api.github.com/repos/ricardojoserf/SAMDump/languages
处理仓库 8/20: waryas/WaryasSWHE
获取仓库 waryas/WaryasSWHE README 失败: 403 Client Error: rate limit exceeded for url: https://api.github.com/repos/waryas/WaryasSWHE/readme
获取仓库 waryas/WaryasSWHE 语言信息失败: 403 Client Error: rate limit exceeded for url: https://api.github.com/repos/waryas/WaryasSWHE/languages
处理仓库 9/20: Wemino/MadnessPatch
获取仓库 Wemino/MadnessPatch README 失败: 403 Client Error: rate limit exceeded for url: https://api.github.com/repos/Wemino/MadnessPatch/readme
获取仓库 Wemino/MadnessPatch 语言信息失败: 403 Client Error: rate limit exceeded for url: https://api.github.com/repos/Wemino/MadnessPatch/languages
处理仓库 10/20: 93won/lidar_inertial_odometry
获取仓库 93won/lidar_inertial_odometry README 失败: 403 Client Error: rate limit exceeded for url: https://api.github.com/repos/93won/lidar_inertial_odometry/readme
获取仓库 93won/lidar_inertial_odometry 语言信息失败: 403 Client Error: rate limit exceeded for url: https://api.github.com/repos/93won/lidar_inertial_odometry/languages
处理仓库 11/20: benodiwal/pg_ai_query
获取仓库 benodiwal/pg_ai_query README 失败: 403 Client Error: rate limit exceeded for url: https://api.github.com/repos/benodiwal/pg_ai_query/readme
获取仓库 benodiwal/pg_ai_query 语言信息失败: 403 Client Error: rate limit exceeded for url: https://api.github.com/repos/benodiwal/pg_ai_query/languages
处理仓库 12/20: NtDallas/BOF_RunPe
获取仓库 NtDallas/BOF_RunPe README 失败: 403 Client Error: rate limit exceeded for url: https://api.github.com/repos/NtDallas/BOF_RunPe/readme
获取仓库 NtDallas/BOF_RunPe 语言信息失败: 403 Client Error: rate limit exceeded for url: https://api.github.com/repos/NtDallas/BOF_RunPe/languages
处理仓库 13/20: winterknife/SILVERPICK
获取仓库 winterknife/SILVERPICK README 失败: 403 Client Error: rate limit exceeded for url: https://api.github.com/repos/winterknife/SILVERPICK/readme
获取仓库 winterknife/SILVERPICK 语言信息失败: 403 Client Error: rate limit exceeded for url: https://api.github.com/repos/winterknife/SILVERPICK/languages
处理仓库 14/20: ika-rwth-aachen/ros2-depth-anything-v3-trt
获取仓库 ika-rwth-aachen/ros2-depth-anything-v3-trt README 失败: 403 Client Error: rate limit exceeded for url: https://api.github.com/repos/ika-rwth-aachen/ros2-depth-anything-v3-trt/readme
获取仓库 ika-rwth-aachen/ros2-depth-anything-v3-trt 语言信息失败: 403 Client Error: rate limit exceeded for url: https://api.github.com/repos/ika-rwth-aachen/ros2-depth-anything-v3-trt/languages
处理仓库 15/20: OpenEthTools/eth-vanity
获取仓库 OpenEthTools/eth-vanity README 失败: 403 Client Error: rate limit exceeded for url: https://api.github.com/repos/OpenEthTools/eth-vanity/readme
获取仓库 OpenEthTools/eth-vanity 语言信息失败: 403 Client Error: rate limit exceeded for url: https://api.github.com/repos/OpenEthTools/eth-vanity/languages
处理仓库 16/20: moeleak/connecttool-qt
获取仓库 moeleak/connecttool-qt README 失败: 403 Client Error: rate limit exceeded for url: https://api.github.com/repos/moeleak/connecttool-qt/readme
获取仓库 moeleak/connecttool-qt 语言信息失败: 403 Client Error: rate limit exceeded for url: https://api.github.com/repos/moeleak/connecttool-qt/languages
处理仓库 17/20: Nice4756/hwid-spoofer-manager
获取仓库 Nice4756/hwid-spoofer-manager README 失败: 403 Client Error: rate limit exceeded for url: https://api.github.com/repos/Nice4756/hwid-spoofer-manager/readme
获取仓库 Nice4756/hwid-spoofer-manager 语言信息失败: 403 Client Error: rate limit exceeded for url: https://api.github.com/repos/Nice4756/hwid-spoofer-manager/languages
处理仓库 18/20: DevNexaro/custom-eth-address
获取仓库 DevNexaro/custom-eth-address README 失败: 403 Client Error: rate limit exceeded for url: https://api.github.com/repos/DevNexaro/custom-eth-address/readme
获取仓库 DevNexaro/custom-eth-address 语言信息失败: 403 Client Error: rate limit exceeded for url: https://api.github.com/repos/DevNexaro/custom-eth-address/languages
处理仓库 19/20: entropy-z/Kharon-Agent
获取仓库 entropy-z/Kharon-Agent README 失败: 403 Client Error: rate limit exceeded for url: https://api.github.com/repos/entropy-z/Kharon-Agent/readme
获取仓库 entropy-z/Kharon-Agent 语言信息失败: 403 Client Error: rate limit exceeded for url: https://api.github.com/repos/entropy-z/Kharon-Agent/languages
处理仓库 20/20: S3N4T0R-0X0/Malicious-PixelCode
获取仓库 S3N4T0R-0X0/Malicious-PixelCode README 失败: 403 Client Error: rate limit exceeded for url: https://api.github.com/repos/S3N4T0R-0X0/Malicious-PixelCode/readme
获取仓库 S3N4T0R-0X0/Malicious-PixelCode 语言信息失败: 403 Client Error: rate limit exceeded for url: https://api.github.com/repos/S3N4T0R-0X0/Malicious-PixelCode/languages
数据已保存到 /app/data/github_trending_20251208_024616.json
成功获取 20 个热门仓库的详细信息
