正在获取热门仓库...
处理仓库 1/20: torvalds/GuitarPedal
获取仓库 torvalds/GuitarPedal README 失败: 403 Client Error: rate limit exceeded for url: https://api.github.com/repos/torvalds/GuitarPedal/readme
获取仓库 torvalds/GuitarPedal 语言信息失败: 403 Client Error: rate limit exceeded for url: https://api.github.com/repos/torvalds/GuitarPedal/languages
处理仓库 2/20: GothemU/Gift-Buyer-Tg
获取仓库 GothemU/Gift-Buyer-Tg README 失败: 403 Client Error: rate limit exceeded for url: https://api.github.com/repos/GothemU/Gift-Buyer-Tg/readme
获取仓库 GothemU/Gift-Buyer-Tg 语言信息失败: 403 Client Error: rate limit exceeded for url: https://api.github.com/repos/GothemU/Gift-Buyer-Tg/languages
处理仓库 3/20: pingooio/pingoo
获取仓库 pingooio/pingoo README 失败: 403 Client Error: rate limit exceeded for url: https://api.github.com/repos/pingooio/pingoo/readme
获取仓库 pingooio/pingoo 语言信息失败: 403 Client Error: rate limit exceeded for url: https://api.github.com/repos/pingooio/pingoo/languages
处理仓库 4/20: comfy-deploy/comfydeploy
获取仓库 comfy-deploy/comfydeploy README 失败: 403 Client Error: rate limit exceeded for url: https://api.github.com/repos/comfy-deploy/comfydeploy/readme
获取仓库 comfy-deploy/comfydeploy 语言信息失败: 403 Client Error: rate limit exceeded for url: https://api.github.com/repos/comfy-deploy/comfydeploy/languages
处理仓库 5/20: darklight797t6/TradingView-PCapp
获取仓库 darklight797t6/TradingView-PCapp README 失败: 403 Client Error: rate limit exceeded for url: https://api.github.com/repos/darklight797t6/TradingView-PCapp/readme
获取仓库 darklight797t6/TradingView-PCapp 语言信息失败: 403 Client Error: rate limit exceeded for url: https://api.github.com/repos/darklight797t6/TradingView-PCapp/languages
处理仓库 6/20: gilshan-s/ECE_F_CRT_PYTHON
获取仓库 gilshan-s/ECE_F_CRT_PYTHON README 失败: 403 Client Error: rate limit exceeded for url: https://api.github.com/repos/gilshan-s/ECE_F_CRT_PYTHON/readme
获取仓库 gilshan-s/ECE_F_CRT_PYTHON 语言信息失败: 403 Client Error: rate limit exceeded for url: https://api.github.com/repos/gilshan-s/ECE_F_CRT_PYTHON/languages
处理仓库 7/20: google-deepmind/gemini_icpc2025
获取仓库 google-deepmind/gemini_icpc2025 README 失败: 403 Client Error: rate limit exceeded for url: https://api.github.com/repos/google-deepmind/gemini_icpc2025/readme
获取仓库 google-deepmind/gemini_icpc2025 语言信息失败: 403 Client Error: rate limit exceeded for url: https://api.github.com/repos/google-deepmind/gemini_icpc2025/languages
处理仓库 8/20: synth-vids/ai-vids
获取仓库 synth-vids/ai-vids README 失败: 403 Client Error: rate limit exceeded for url: https://api.github.com/repos/synth-vids/ai-vids/readme
获取仓库 synth-vids/ai-vids 语言信息失败: 403 Client Error: rate limit exceeded for url: https://api.github.com/repos/synth-vids/ai-vids/languages
处理仓库 9/20: parka-x/ai-video
获取仓库 parka-x/ai-video README 失败: 403 Client Error: rate limit exceeded for url: https://api.github.com/repos/parka-x/ai-video/readme
获取仓库 parka-x/ai-video 语言信息失败: 403 Client Error: rate limit exceeded for url: https://api.github.com/repos/parka-x/ai-video/languages
处理仓库 10/20: 1andOnly-AI/OnlineGen
获取仓库 1andOnly-AI/OnlineGen README 失败: 403 Client Error: rate limit exceeded for url: https://api.github.com/repos/1andOnly-AI/OnlineGen/readme
获取仓库 1andOnly-AI/OnlineGen 语言信息失败: 403 Client Error: rate limit exceeded for url: https://api.github.com/repos/1andOnly-AI/OnlineGen/languages
处理仓库 11/20: SonicRelic33/ai-vidss
获取仓库 SonicRelic33/ai-vidss README 失败: 403 Client Error: rate limit exceeded for url: https://api.github.com/repos/SonicRelic33/ai-vidss/readme
获取仓库 SonicRelic33/ai-vidss 语言信息失败: 403 Client Error: rate limit exceeded for url: https://api.github.com/repos/SonicRelic33/ai-vidss/languages
处理仓库 12/20: AndresDevelopes/1A-OneClick
获取仓库 AndresDevelopes/1A-OneClick README 失败: 403 Client Error: rate limit exceeded for url: https://api.github.com/repos/AndresDevelopes/1A-OneClick/readme
获取仓库 AndresDevelopes/1A-OneClick 语言信息失败: 403 Client Error: rate limit exceeded for url: https://api.github.com/repos/AndresDevelopes/1A-OneClick/languages
处理仓库 13/20: usgraphics/usgc-invoice
获取仓库 usgraphics/usgc-invoice README 失败: 403 Client Error: rate limit exceeded for url: https://api.github.com/repos/usgraphics/usgc-invoice/readme
获取仓库 usgraphics/usgc-invoice 语言信息失败: 403 Client Error: rate limit exceeded for url: https://api.github.com/repos/usgraphics/usgc-invoice/languages
处理仓库 14/20: Perseus333/daedalus-keyboard
获取仓库 Perseus333/daedalus-keyboard README 失败: 403 Client Error: rate limit exceeded for url: https://api.github.com/repos/Perseus333/daedalus-keyboard/readme
获取仓库 Perseus333/daedalus-keyboard 语言信息失败: 403 Client Error: rate limit exceeded for url: https://api.github.com/repos/Perseus333/daedalus-keyboard/languages
处理仓库 15/20: huynhas/Telegram-Users-Adder
获取仓库 huynhas/Telegram-Users-Adder README 失败: 403 Client Error: rate limit exceeded for url: https://api.github.com/repos/huynhas/Telegram-Users-Adder/readme
获取仓库 huynhas/Telegram-Users-Adder 语言信息失败: 403 Client Error: rate limit exceeded for url: https://api.github.com/repos/huynhas/Telegram-Users-Adder/languages
处理仓库 16/20: u236/homed-wiki
获取仓库 u236/homed-wiki README 失败: 403 Client Error: rate limit exceeded for url: https://api.github.com/repos/u236/homed-wiki/readme
获取仓库 u236/homed-wiki 语言信息失败: 403 Client Error: rate limit exceeded for url: https://api.github.com/repos/u236/homed-wiki/languages
处理仓库 17/20: Benevdx/maisti_teste
获取仓库 Benevdx/maisti_teste README 失败: 403 Client Error: rate limit exceeded for url: https://api.github.com/repos/Benevdx/maisti_teste/readme
获取仓库 Benevdx/maisti_teste 语言信息失败: 403 Client Error: rate limit exceeded for url: https://api.github.com/repos/Benevdx/maisti_teste/languages
处理仓库 18/20: mschneider456/worldexplorer
获取仓库 mschneider456/worldexplorer README 失败: 403 Client Error: rate limit exceeded for url: https://api.github.com/repos/mschneider456/worldexplorer/readme
获取仓库 mschneider456/worldexplorer 语言信息失败: 403 Client Error: rate limit exceeded for url: https://api.github.com/repos/mschneider456/worldexplorer/languages
处理仓库 19/20: gogogobabybaby/AI-VIDEO
获取仓库 gogogobabybaby/AI-VIDEO README 失败: 403 Client Error: rate limit exceeded for url: https://api.github.com/repos/gogogobabybaby/AI-VIDEO/readme
获取仓库 gogogobabybaby/AI-VIDEO 语言信息失败: 403 Client Error: rate limit exceeded for url: https://api.github.com/repos/gogogobabybaby/AI-VIDEO/languages
处理仓库 20/20: lukky-nl/Stencil-Buffer-Holographic-Display
获取仓库 lukky-nl/Stencil-Buffer-Holographic-Display README 失败: 403 Client Error: rate limit exceeded for url: https://api.github.com/repos/lukky-nl/Stencil-Buffer-Holographic-Display/readme
获取仓库 lukky-nl/Stencil-Buffer-Holographic-Display 语言信息失败: 403 Client Error: rate limit exceeded for url: https://api.github.com/repos/lukky-nl/Stencil-Buffer-Holographic-Display/languages
数据已保存到 /app/data/github_trending_20250918_005232.json
成功获取 20 个热门仓库的详细信息
