正在获取热门仓库...
处理仓库 1/20: DietrichGebert/ponytail
处理仓库 2/20: zhongerxin/Cowart
处理仓库 3/20: BuilderIO/skills
处理仓库 4/20: JimLiu/baoyu-design
处理仓库 5/20: Forward-Future/loop-library
处理仓库 6/20: cobusgreyling/loop-engineering
处理仓库 7/20: withkynam/vibecode-pro-max-kit
处理仓库 8/20: rebel0789/codexpro
处理仓库 9/20: tejaswigowda/ffmpeg-webCLI
处理仓库 10/20: alchaincyf/fanbox
处理仓库 11/20: kanavtwtgg/birds.cafe
处理仓库 12/20: cloudflare/security-audit-skill
处理仓库 13/20: kadevin/ilab-gpt-conjure
处理仓库 14/20: AI-Builder-Club/skills
处理仓库 15/20: Jane-xiaoer/xiaoer-videolab
处理仓库 16/20: huilang-me/CF-Server-Monitor
处理仓库 17/20: paraschopra/make-pages-interactive
处理仓库 18/20: XBuilderLAB/cheat-on-money
处理仓库 19/20: buynao/aipath
处理仓库 20/20: u7079256/paperjury
数据已保存到 /app/data/github_trending_20260625_045721.json
成功获取 20 个热门仓库的详细信息
