正在获取热门仓库...
处理仓库 1/20: suninadlibapiba/hwid-spoofer-guide
获取仓库 suninadlibapiba/hwid-spoofer-guide README 失败: 403 Client Error: rate limit exceeded for url: https://api.github.com/repos/suninadlibapiba/hwid-spoofer-guide/readme
获取仓库 suninadlibapiba/hwid-spoofer-guide 语言信息失败: 403 Client Error: rate limit exceeded for url: https://api.github.com/repos/suninadlibapiba/hwid-spoofer-guide/languages
处理仓库 2/20: zOom239boOSt687kick/Trading-Bot_Mev_Local_PC
获取仓库 zOom239boOSt687kick/Trading-Bot_Mev_Local_PC README 失败: 403 Client Error: rate limit exceeded for url: https://api.github.com/repos/zOom239boOSt687kick/Trading-Bot_Mev_Local_PC/readme
获取仓库 zOom239boOSt687kick/Trading-Bot_Mev_Local_PC 语言信息失败: 403 Client Error: rate limit exceeded for url: https://api.github.com/repos/zOom239boOSt687kick/Trading-Bot_Mev_Local_PC/languages
处理仓库 3/20: daSHymxBy217night/smart-contracts-and-mev-bot-deployer
获取仓库 daSHymxBy217night/smart-contracts-and-mev-bot-deployer README 失败: 403 Client Error: rate limit exceeded for url: https://api.github.com/repos/daSHymxBy217night/smart-contracts-and-mev-bot-deployer/readme
获取仓库 daSHymxBy217night/smart-contracts-and-mev-bot-deployer 语言信息失败: 403 Client Error: rate limit exceeded for url: https://api.github.com/repos/daSHymxBy217night/smart-contracts-and-mev-bot-deployer/languages
处理仓库 4/20: yangzhou24/OmniWorld
获取仓库 yangzhou24/OmniWorld README 失败: 403 Client Error: rate limit exceeded for url: https://api.github.com/repos/yangzhou24/OmniWorld/readme
获取仓库 yangzhou24/OmniWorld 语言信息失败: 403 Client Error: rate limit exceeded for url: https://api.github.com/repos/yangzhou24/OmniWorld/languages
处理仓库 5/20: YASIN-759/KMS-Pico-Portable-Version
获取仓库 YASIN-759/KMS-Pico-Portable-Version README 失败: 403 Client Error: rate limit exceeded for url: https://api.github.com/repos/YASIN-759/KMS-Pico-Portable-Version/readme
获取仓库 YASIN-759/KMS-Pico-Portable-Version 语言信息失败: 403 Client Error: rate limit exceeded for url: https://api.github.com/repos/YASIN-759/KMS-Pico-Portable-Version/languages
处理仓库 6/20: Pirikota/KMS-Pico-Portable-Vers-2
获取仓库 Pirikota/KMS-Pico-Portable-Vers-2 README 失败: 403 Client Error: rate limit exceeded for url: https://api.github.com/repos/Pirikota/KMS-Pico-Portable-Vers-2/readme
获取仓库 Pirikota/KMS-Pico-Portable-Vers-2 语言信息失败: 403 Client Error: rate limit exceeded for url: https://api.github.com/repos/Pirikota/KMS-Pico-Portable-Vers-2/languages
处理仓库 7/20: praneethavaranasi/MediLogic
获取仓库 praneethavaranasi/MediLogic README 失败: 403 Client Error: rate limit exceeded for url: https://api.github.com/repos/praneethavaranasi/MediLogic/readme
获取仓库 praneethavaranasi/MediLogic 语言信息失败: 403 Client Error: rate limit exceeded for url: https://api.github.com/repos/praneethavaranasi/MediLogic/languages
处理仓库 8/20: B9UU/KMS-Auto-Portable-V2
获取仓库 B9UU/KMS-Auto-Portable-V2 README 失败: 403 Client Error: rate limit exceeded for url: https://api.github.com/repos/B9UU/KMS-Auto-Portable-V2/readme
获取仓库 B9UU/KMS-Auto-Portable-V2 语言信息失败: 403 Client Error: rate limit exceeded for url: https://api.github.com/repos/B9UU/KMS-Auto-Portable-V2/languages
处理仓库 9/20: courtoiszinou-debug/KMS-Pico-Module-Client-Portable-Version
获取仓库 courtoiszinou-debug/KMS-Pico-Module-Client-Portable-Version README 失败: 403 Client Error: rate limit exceeded for url: https://api.github.com/repos/courtoiszinou-debug/KMS-Pico-Module-Client-Portable-Version/readme
获取仓库 courtoiszinou-debug/KMS-Pico-Module-Client-Portable-Version 语言信息失败: 403 Client Error: rate limit exceeded for url: https://api.github.com/repos/courtoiszinou-debug/KMS-Pico-Module-Client-Portable-Version/languages
处理仓库 10/20: Fally250/KMS-Pico-Portable-V2
获取仓库 Fally250/KMS-Pico-Portable-V2 README 失败: 403 Client Error: rate limit exceeded for url: https://api.github.com/repos/Fally250/KMS-Pico-Portable-V2/readme
获取仓库 Fally250/KMS-Pico-Portable-V2 语言信息失败: 403 Client Error: rate limit exceeded for url: https://api.github.com/repos/Fally250/KMS-Pico-Portable-V2/languages
处理仓库 11/20: lLuiizx/Extreme-DLL-Injection-Windows
获取仓库 lLuiizx/Extreme-DLL-Injection-Windows README 失败: 403 Client Error: rate limit exceeded for url: https://api.github.com/repos/lLuiizx/Extreme-DLL-Injection-Windows/readme
获取仓库 lLuiizx/Extreme-DLL-Injection-Windows 语言信息失败: 403 Client Error: rate limit exceeded for url: https://api.github.com/repos/lLuiizx/Extreme-DLL-Injection-Windows/languages
处理仓库 12/20: hmtutul/Process-Hacker-2-39
获取仓库 hmtutul/Process-Hacker-2-39 README 失败: 403 Client Error: rate limit exceeded for url: https://api.github.com/repos/hmtutul/Process-Hacker-2-39/readme
获取仓库 hmtutul/Process-Hacker-2-39 语言信息失败: 403 Client Error: rate limit exceeded for url: https://api.github.com/repos/hmtutul/Process-Hacker-2-39/languages
处理仓库 13/20: gilshan-s/CRT_Python_AI_A
获取仓库 gilshan-s/CRT_Python_AI_A README 失败: 403 Client Error: rate limit exceeded for url: https://api.github.com/repos/gilshan-s/CRT_Python_AI_A/readme
获取仓库 gilshan-s/CRT_Python_AI_A 语言信息失败: 403 Client Error: rate limit exceeded for url: https://api.github.com/repos/gilshan-s/CRT_Python_AI_A/languages
处理仓库 14/20: Rickeynitzsche186/KMSAuto-Portable
获取仓库 Rickeynitzsche186/KMSAuto-Portable README 失败: 403 Client Error: rate limit exceeded for url: https://api.github.com/repos/Rickeynitzsche186/KMSAuto-Portable/readme
获取仓库 Rickeynitzsche186/KMSAuto-Portable 语言信息失败: 403 Client Error: rate limit exceeded for url: https://api.github.com/repos/Rickeynitzsche186/KMSAuto-Portable/languages
处理仓库 15/20: AI-SafeAndSound/AI-OneClick
获取仓库 AI-SafeAndSound/AI-OneClick README 失败: 403 Client Error: rate limit exceeded for url: https://api.github.com/repos/AI-SafeAndSound/AI-OneClick/readme
获取仓库 AI-SafeAndSound/AI-OneClick 语言信息失败: 403 Client Error: rate limit exceeded for url: https://api.github.com/repos/AI-SafeAndSound/AI-OneClick/languages
处理仓库 16/20: Rozsypalarnold118/USDT-flash-sender
获取仓库 Rozsypalarnold118/USDT-flash-sender README 失败: 403 Client Error: rate limit exceeded for url: https://api.github.com/repos/Rozsypalarnold118/USDT-flash-sender/readme
获取仓库 Rozsypalarnold118/USDT-flash-sender 语言信息失败: 403 Client Error: rate limit exceeded for url: https://api.github.com/repos/Rozsypalarnold118/USDT-flash-sender/languages
处理仓库 17/20: CSDC-K/Note-Pad-----8-5
获取仓库 CSDC-K/Note-Pad-----8-5 README 失败: 403 Client Error: rate limit exceeded for url: https://api.github.com/repos/CSDC-K/Note-Pad-----8-5/readme
获取仓库 CSDC-K/Note-Pad-----8-5 语言信息失败: 403 Client Error: rate limit exceeded for url: https://api.github.com/repos/CSDC-K/Note-Pad-----8-5/languages
处理仓库 18/20: ShadeSerpentX78/ai-vids
获取仓库 ShadeSerpentX78/ai-vids README 失败: 403 Client Error: rate limit exceeded for url: https://api.github.com/repos/ShadeSerpentX78/ai-vids/readme
获取仓库 ShadeSerpentX78/ai-vids 语言信息失败: 403 Client Error: rate limit exceeded for url: https://api.github.com/repos/ShadeSerpentX78/ai-vids/languages
处理仓库 19/20: 0xKronus/SOLANA_SNIPER_BOT
获取仓库 0xKronus/SOLANA_SNIPER_BOT README 失败: 403 Client Error: rate limit exceeded for url: https://api.github.com/repos/0xKronus/SOLANA_SNIPER_BOT/readme
获取仓库 0xKronus/SOLANA_SNIPER_BOT 语言信息失败: 403 Client Error: rate limit exceeded for url: https://api.github.com/repos/0xKronus/SOLANA_SNIPER_BOT/languages
处理仓库 20/20: EgalitarianMonkey/hometube
获取仓库 EgalitarianMonkey/hometube README 失败: 403 Client Error: rate limit exceeded for url: https://api.github.com/repos/EgalitarianMonkey/hometube/readme
获取仓库 EgalitarianMonkey/hometube 语言信息失败: 403 Client Error: rate limit exceeded for url: https://api.github.com/repos/EgalitarianMonkey/hometube/languages
数据已保存到 /app/data/github_trending_20250916_064729.json
成功获取 20 个热门仓库的详细信息
