正在获取热门仓库...
处理仓库 1/20: shiroha-233/RoadWeaver
处理仓库 2/20: bkhtmltopdf/bkhtmltopdf
处理仓库 3/20: Feynix2004/Quill-AI
处理仓库 4/20: cuongnh28/spring-microservices-blueprint
处理仓库 5/20: bitDive/java-producer
获取仓库 bitDive/java-producer README 失败: 404 Client Error: Not Found for url: https://api.github.com/repos/bitDive/java-producer/readme
处理仓库 6/20: GoldenglowSusie/MiRearScreenSwitcher
处理仓库 7/20: Feynix2004/API-Premium-Gateway
处理仓库 8/20: vvb2060/Ims
获取仓库 vvb2060/Ims README 失败: 404 Client Error: Not Found for url: https://api.github.com/repos/vvb2060/Ims/readme
处理仓库 9/20: Initial-One/Java-humanify
处理仓库 10/20: 60124808866/OpenMyau
处理仓库 11/20: michalbednarski/ResourcePoison
处理仓库 12/20: DuanYan007/markitdown-java
处理仓库 13/20: matheuslf/dev.matheuslf.desafio.inscritos
处理仓库 14/20: saygin17crow/LiveOverflowMod
处理仓库 15/20: nicholass307/ESP_For_PubgMobile
处理仓库 16/20: xthxr/OpenSauce
处理仓库 17/20: srebrina/BlackOut
处理仓库 18/20: Jorexbp/java-prep
处理仓库 19/20: kylelsoq/Fapcraft
处理仓库 20/20: alanni-tom/Turacos
数据已保存到 /app/data/github_trending_20251029_024142.json
成功获取 20 个热门仓库的详细信息
