正在获取热门仓库...
处理仓库 1/20: maaslalani/sheets
处理仓库 2/20: 432539/gpt2api
处理仓库 3/20: ProjectBarks/gopher-code
处理仓库 4/20: xataio/xata
处理仓库 5/20: retlehs/quien
处理仓库 6/20: cloudflare/artifact-fs
处理仓库 7/20: mandiant/gopacket
处理仓库 8/20: brexhq/CrabTrap
处理仓库 9/20: xoai/sage-wiki
处理仓库 10/20: alash3al/stash
处理仓库 11/20: openlibrecommunity/olcrtc
处理仓库 12/20: NullLatency/FlowDriver
处理仓库 13/20: Quorinex/Freebuff2API
处理仓库 14/20: kunchenguid/no-mistakes
处理仓库 15/20: moabukar/miniblue
处理仓库 16/20: umputun/revdiff
处理仓库 17/20: ironsh/iron-proxy
处理仓库 18/20: angelnicolasc/graymatter
处理仓库 19/20: NV404/gova
处理仓库 20/20: wh0amitz/TailVNC
数据已保存到 /app/data/github_trending_20260428_043005.json
成功获取 20 个热门仓库的详细信息
