正在获取热门仓库...
处理仓库 1/20: Snailclimb/interview-guide
处理仓库 2/20: darkfiv/DouSql
处理仓库 3/20: BakersHub/Snapclient-BT-LED-OLED
处理仓库 4/20: ray-em/openmrs-core
处理仓库 5/20: bafuka/HotArmor
处理仓库 6/20: volcengine/veadk-java
处理仓库 7/20: kusoroadeolu/annote
处理仓库 8/20: spring-ai-alibaba/AssistantAgent
处理仓库 9/20: jd-opensource/JDOxyGent4J
处理仓库 10/20: noVibe/DnsConf
处理仓库 11/20: sivaprasadreddy/spring-boot-application-architecture-patterns
处理仓库 12/20: BitTheByte/Jarida
处理仓库 13/20: Dulcinea-J/class-winter-master
获取仓库 Dulcinea-J/class-winter-master README 失败: 404 Client Error: Not Found for url: https://api.github.com/repos/Dulcinea-J/class-winter-master/readme
处理仓库 14/20: Jaysen13/jaysenwxapkg
处理仓库 15/20: masonliiu/jvm-custom-memory-arena
处理仓库 16/20: idelice/jls
处理仓库 17/20: qicesun/SRE-Agent-App
处理仓库 18/20: AmanRajAryan/Lyricify
处理仓库 19/20: Syngnat/missav-bot
处理仓库 20/20: xiaogang000/XG_SQL
数据已保存到 /app/data/github_trending_20260114_030016.json
成功获取 20 个热门仓库的详细信息
