正在获取热门仓库...
处理仓库 1/20: TelegramMessenger/cocoon
处理仓库 2/20: soufianekhiat/ImAnim
处理仓库 3/20: t3tra-dev/MoZuku
处理仓库 4/20: xoxor4d/gta4-rtx
处理仓库 5/20: moeleak/connecttool-qt
处理仓库 6/20: C4KEW4LK/rpi_usb_ip_display
获取仓库 C4KEW4LK/rpi_usb_ip_display README 失败: 404 Client Error: Not Found for url: https://api.github.com/repos/C4KEW4LK/rpi_usb_ip_display/readme
处理仓库 7/20: waryas/WaryasSWHE
处理仓库 8/20: ika-rwth-aachen/ros2-depth-anything-v3-trt
处理仓库 9/20: allenk/GeminiWatermarkTool
处理仓库 10/20: hwbp/CLR-Unhook
处理仓库 11/20: lanpishu6300/perpetual-exchange
处理仓库 12/20: limengdu/Seeed-Homeassistant-Discovery
处理仓库 13/20: NtDallas/BOF_RunPe
处理仓库 14/20: vitaut/zmij
处理仓库 15/20: klezVirus/Moonwalk--
处理仓库 16/20: Anatdx/hymo
处理仓库 17/20: hwbp/LazyHook
处理仓库 18/20: entropy-z/Kharon-Agent
处理仓库 19/20: OpenEthTools/eth-vanity
处理仓库 20/20: S3N4T0R-0X0/Malicious-PixelCode
数据已保存到 /app/data/github_trending_20251222_025616.json
成功获取 20 个热门仓库的详细信息
