正在获取热门仓库...
处理仓库 1/20: 0x23/MicroManipulatorStepper
处理仓库 2/20: lunarengine/lunar-test-v1
处理仓库 3/20: XTXMarkets/ternfs
处理仓库 4/20: TwoSevenOneT/WSASS
处理仓库 5/20: NVIDIA/nvshmem
处理仓库 6/20: PRBonn/rko_lio
处理仓库 7/20: TwoSevenOneT/CreateProcessAsPPL
处理仓库 8/20: tlsbollei/KittyLoader
处理仓库 9/20: mosaico-labs/refx
处理仓库 10/20: google-deepmind/gemini_icpc2025
处理仓库 11/20: j3h4ck/WatchDogKiller
处理仓库 12/20: xaitax/NTSleuth
处理仓库 13/20: SheafificationOfG/based-cpp
处理仓库 14/20: Bziyue/SplineTrajectory
处理仓库 15/20: TwoSevenOneT/EDR-Freeze
处理仓库 16/20: zero2504/COMouflage
处理仓库 17/20: NiTianErXing666/SmallVmp
处理仓库 18/20: iilegacyyii/gdbw
处理仓库 19/20: Mr-brillianter/capture
处理仓库 20/20: ufoym/mac-angle
数据已保存到 /app/data/github_trending_20250922_022639.json
成功获取 20 个热门仓库的详细信息
