正在获取热门仓库...
处理仓库 1/20: smartcmd/MinecraftConsoles
处理仓库 2/20: novatic14/MANPADS-System-Launcher-and-Rocket
处理仓库 3/20: ArduPilots/ardupilot
处理仓库 4/20: RunanywhereAI/RCLI
处理仓库 5/20: 4jcraft/4jcraft
处理仓库 6/20: LCEMP/LCEMP
处理仓库 7/20: vulhunt-re/vulhunt
处理仓库 8/20: Minecraft-Community-Edition/client
处理仓库 9/20: Frikallo/parakeet.cpp
处理仓库 10/20: neroundimasamp64/Stabilized-Internet-Connection
处理仓库 11/20: dugongzi/JsxposedX
处理仓库 12/20: 78/tenbox
处理仓库 13/20: weeseezios/kms-pico-emulator-2026
处理仓库 14/20: 25H/MayeNano
处理仓库 15/20: AmelieHeinrich/Termina
处理仓库 16/20: Guid-Lab/kdecrypt
处理仓库 17/20: perryvegehan/Packet_analyzer
处理仓库 18/20: BetsyCamilla/-
获取仓库 BetsyCamilla/- README 失败: 404 Client Error: Not Found for url: https://api.github.com/repos/BetsyCamilla/-/readme
处理仓库 19/20: xenios-jp/XeniOS
处理仓库 20/20: Keralots/BambuHelper
数据已保存到 /app/data/github_trending_20260323_033941.json
成功获取 20 个热门仓库的详细信息
