正在获取热门仓库...
处理仓库 1/20: Snailclimb/interview-guide
处理仓库 2/20: spring-ai-alibaba/AssistantAgent
处理仓库 3/20: noVibe/DnsConf
处理仓库 4/20: cxOrz/AnyWhere
处理仓库 5/20: hawolt/twitch-adblock
处理仓库 6/20: Kaupenjoe/Hytale-Example-Plugin
处理仓库 7/20: qingzhou-dev/push-server
处理仓库 8/20: LeanBitLab/HeliboardL
处理仓库 9/20: Open-Commerce-Protocol/ucp-sdk-java
处理仓库 10/20: ray-em/openmrs-core
处理仓库 11/20: kusoroadeolu/annote
处理仓库 12/20: Bit0r/java-util
获取仓库 Bit0r/java-util README 失败: 404 Client Error: Not Found for url: https://api.github.com/repos/Bit0r/java-util/readme
处理仓库 13/20: sivaprasadreddy/spring-boot-application-architecture-patterns
处理仓库 14/20: hardwood-hq/hardwood
处理仓库 15/20: ScriptedAlchemy/robinhood-decompiled
处理仓库 16/20: sammwyy/Hytale-Plugin-Examples
处理仓库 17/20: Partha-Sharathy-K/aws-auth-project
获取仓库 Partha-Sharathy-K/aws-auth-project README 失败: 404 Client Error: Not Found for url: https://api.github.com/repos/Partha-Sharathy-K/aws-auth-project/readme
处理仓库 18/20: spring-ai-community/spring-ai-agent-utils
处理仓库 19/20: Shanmathik06/todoJava_Springboot
获取仓库 Shanmathik06/todoJava_Springboot README 失败: 404 Client Error: Not Found for url: https://api.github.com/repos/Shanmathik06/todoJava_Springboot/readme
处理仓库 20/20: xy-ygz/carbon_emission_system
数据已保存到 /app/data/github_trending_20260128_025848.json
成功获取 20 个热门仓库的详细信息
