正在获取热门仓库...
处理仓库 1/20: yuuouu/ColorOS-CVE-2025-10184
处理仓库 2/20: oxylabs/google-ai-mode-scraper
处理仓库 3/20: jd-opensource/JoySafety
处理仓库 4/20: antgroup/FluidMarkdown
处理仓库 5/20: AndroidCSOfficial/android-code-studio
处理仓库 6/20: spring-ai-alibaba/JManus
处理仓库 7/20: bszapp/android-wifi-pojie
处理仓库 8/20: liyupi/literature-assistant
处理仓库 9/20: ZeroDaysBroker/GhidraGPT
处理仓库 10/20: 60124808866/OpenMyau
处理仓库 11/20: spring-ai-alibaba/deepresearch
处理仓库 12/20: Rift0911/FHook
处理仓库 13/20: Dengmuuuu/retry-wheel-parent
处理仓库 14/20: aditisingh2707/Wayback-Recon
处理仓库 15/20: People-11/CVE-2025-10184_PoC
处理仓库 16/20: spring-ai-alibaba/DataAgent
处理仓库 17/20: eix128/SentencePiece4J
处理仓库 18/20: bitDive/java-producer
获取仓库 bitDive/java-producer README 失败: 404 Client Error: Not Found for url: https://api.github.com/repos/bitDive/java-producer/readme
处理仓库 19/20: 1937983507/ai-tourism
处理仓库 20/20: agentscope-ai/agentscope-java
数据已保存到 /app/data/github_trending_20251008_021721.json
成功获取 20 个热门仓库的详细信息
