正在获取热门仓库...
处理仓库 1/20: torvalds/GuitarPedal
处理仓库 2/20: comfy-deploy/comfydeploy
处理仓库 3/20: GothemU/Gift-Buyer-Tg
处理仓库 4/20: pingooio/pingoo
处理仓库 5/20: google-deepmind/gemini_icpc2025
处理仓库 6/20: darklight797t6/TradingView-PCapp
处理仓库 7/20: mschneider456/worldexplorer
处理仓库 8/20: usgraphics/usgc-invoice
处理仓库 9/20: gilshan-s/ECE_F_CRT_PYTHON
处理仓库 10/20: Perseus333/daedalus-keyboard
处理仓库 11/20: Aihy/CLOV
处理仓库 12/20: u236/homed-wiki
处理仓库 13/20: HuzefaUsama25/ai-humanizer-api
处理仓库 14/20: KartikLabhshetwar/lazycommit
处理仓库 15/20: ai-joon/autozero-gpt
处理仓库 16/20: iluxu/Trotski
获取仓库 iluxu/Trotski README 失败: 403 Client Error: rate limit exceeded for url: https://api.github.com/repos/iluxu/Trotski/readme
获取仓库 iluxu/Trotski 语言信息失败: 403 Client Error: rate limit exceeded for url: https://api.github.com/repos/iluxu/Trotski/languages
处理仓库 17/20: Benevdx/maisti_teste
获取仓库 Benevdx/maisti_teste README 失败: 403 Client Error: rate limit exceeded for url: https://api.github.com/repos/Benevdx/maisti_teste/readme
获取仓库 Benevdx/maisti_teste 语言信息失败: 403 Client Error: rate limit exceeded for url: https://api.github.com/repos/Benevdx/maisti_teste/languages
处理仓库 18/20: ShyShyFaceElephant/Trajectory
获取仓库 ShyShyFaceElephant/Trajectory README 失败: 403 Client Error: rate limit exceeded for url: https://api.github.com/repos/ShyShyFaceElephant/Trajectory/readme
获取仓库 ShyShyFaceElephant/Trajectory 语言信息失败: 403 Client Error: rate limit exceeded for url: https://api.github.com/repos/ShyShyFaceElephant/Trajectory/languages
处理仓库 19/20: KolosalAI/model-memory-calculator
获取仓库 KolosalAI/model-memory-calculator README 失败: 403 Client Error: rate limit exceeded for url: https://api.github.com/repos/KolosalAI/model-memory-calculator/readme
获取仓库 KolosalAI/model-memory-calculator 语言信息失败: 403 Client Error: rate limit exceeded for url: https://api.github.com/repos/KolosalAI/model-memory-calculator/languages
处理仓库 20/20: lukky-nl/Stencil-Buffer-Holographic-Display
获取仓库 lukky-nl/Stencil-Buffer-Holographic-Display README 失败: 403 Client Error: rate limit exceeded for url: https://api.github.com/repos/lukky-nl/Stencil-Buffer-Holographic-Display/readme
获取仓库 lukky-nl/Stencil-Buffer-Holographic-Display 语言信息失败: 403 Client Error: rate limit exceeded for url: https://api.github.com/repos/lukky-nl/Stencil-Buffer-Holographic-Display/languages
数据已保存到 /app/data/github_trending_20250918_134157.json
成功获取 20 个热门仓库的详细信息
