正在获取热门仓库...
处理仓库 1/20: smartcmd/MinecraftConsoles
处理仓库 2/20: RunanywhereAI/RCLI
处理仓库 3/20: LCEMP/LCEMP
处理仓库 4/20: ArduPilots/ardupilot
处理仓库 5/20: 4jcraft/4jcraft
处理仓库 6/20: vulhunt-re/vulhunt
处理仓库 7/20: xaskasdf/ntransformer
处理仓库 8/20: Minecraft-Community-Edition/client
处理仓库 9/20: Frikallo/parakeet.cpp
处理仓库 10/20: JesseCHale/HaleHound-CYD
处理仓库 11/20: LotusInputMethod/fcitx5-lotus
处理仓库 12/20: 78/tenbox
处理仓库 13/20: Guid-Lab/kdecrypt
处理仓库 14/20: dugongzi/JsxposedX
处理仓库 15/20: 25H/MayeNano
处理仓库 16/20: perryvegehan/Packet_analyzer
处理仓库 17/20: johnmai-dev/ANE-LM
处理仓库 18/20: xiyueal/Orange-Engine
处理仓库 19/20: jojoe77777/Toolscreen
处理仓库 20/20: QuantClaw/QuantClaw
数据已保存到 /app/data/github_trending_20260316_035115.json
成功获取 20 个热门仓库的详细信息
