正在获取热门仓库...
处理仓库 1/20: juanjuandog/FinSight-AI
处理仓库 2/20: fish2018/webhtv
处理仓库 3/20: xm486/YukiHub
处理仓库 4/20: ClouGence/open-cdm
处理仓库 5/20: bytecodealliance/endive
处理仓库 6/20: Margele/OpenZen
处理仓库 7/20: 6537445/jenny-mod-minecraft-
处理仓库 8/20: HappyNewYear1995/UBA-X
处理仓库 9/20: jdubois/boot-ui
处理仓库 10/20: ZJunCher/xiaoyan-ai-dev-assistant
处理仓库 11/20: Szili1994/create-aeronautics-minecraft-mod
处理仓库 12/20: soapantelope/mindcraft
处理仓库 13/20: JFOZ1010/repshot
处理仓库 14/20: rona6314clayt8402/Jenny-Mine-MOD-2026-MoreGirls
处理仓库 15/20: Earth-OL-Player/ai_learn_project
处理仓库 16/20: pengmoubuaixuexi/TAgent
处理仓库 17/20: striga-ai/CVE-2026-34486
处理仓库 18/20: Floxu1/UAC-SNI-Spoofer-Android
处理仓库 19/20: Bell11213442/Ruby-Client
处理仓库 20/20: Shivambansal96/VCE_Hyd
数据已保存到 /app/data/github_trending_20260610_051042.json
成功获取 20 个热门仓库的详细信息
