正在获取热门仓库...
处理仓库 1/20: suninadlibapiba/hwid-spoofer-guide
处理仓库 2/20: zOom239boOSt687kick/Trading-Bot_Mev_Local_PC
处理仓库 3/20: daSHymxBy217night/smart-contracts-and-mev-bot-deployer
处理仓库 4/20: praneethavaranasi/MediLogic
处理仓库 5/20: lLuiizx/Extreme-DLL-Injection-Windows
处理仓库 6/20: hmtutul/Process-Hacker-2-39
处理仓库 7/20: Rickeynitzsche186/KMSAuto-Portable
处理仓库 8/20: CSDC-K/Note-Pad-----8-5
处理仓库 9/20: ShadeSerpentX78/ai-vids
处理仓库 10/20: YASIN-759/KMS-Pico-Portable-Version
处理仓库 11/20: Pirikota/KMS-Pico-Portable-Vers-2
处理仓库 12/20: courtoiszinou-debug/KMS-Pico-Module-Client-Portable-Version
处理仓库 13/20: olivin-haus/ai-video
处理仓库 14/20: B9UU/KMS-Auto-Portable-V2
处理仓库 15/20: Fally250/KMS-Pico-Portable-V2
处理仓库 16/20: canove/whaileys
处理仓库 17/20: gayanmadusanka/KMS-Auto-Client-Module-Portable-Version
处理仓库 18/20: AI-SafeAndSound/AI-OneClick
处理仓库 19/20: dsekz/botguard-reverse
处理仓库 20/20: EgalitarianMonkey/hometube
数据已保存到 /app/data/github_trending_20250916_005258.json
成功获取 20 个热门仓库的详细信息
