正在获取热门仓库...
处理仓库 1/20: ultraworkers/claw-code
处理仓库 2/20: microsoft/RustTraining
处理仓库 3/20: Kuberwastaken/claurst
处理仓库 4/20: ultraworkers/claw-code-parity
处理仓库 5/20: zerobootdev/zeroboot
处理仓库 6/20: nashsu/opencli-rs
处理仓库 7/20: WecomTeam/wecom-cli
处理仓库 8/20: Infatoshi/OpenSquirrel
处理仓库 9/20: silverstein/minutes
处理仓库 10/20: austin-weeks/miasma
处理仓库 11/20: Superagentsys/novalclaw
处理仓库 12/20: sentrux/sentrux
处理仓库 13/20: wm94i/Work_Review
处理仓库 14/20: glommer/pgmicro
处理仓库 15/20: t8/hypura
处理仓库 16/20: joaoh82/rustunnel
处理仓库 17/20: fabro-sh/fabro
处理仓库 18/20: AlpinDale/parsync
处理仓库 19/20: jshachm/pi-rs
处理仓库 20/20: by-sonic/tglock
数据已保存到 /app/data/github_trending_20260403_034133.json
成功获取 20 个热门仓库的详细信息
