正在获取热门仓库...
处理仓库 1/20: tekaratzas/RustGPT
处理仓库 2/20: pingooio/pingoo
处理仓库 3/20: Esubaalew/run
处理仓库 4/20: ck-zhang/reddix
处理仓库 5/20: jfernandez/mdserve
处理仓库 6/20: kagehq/gpu-kill
处理仓库 7/20: 0xflux/Wyrm
处理仓库 8/20: iKeepLearn/db-back-tool
处理仓库 9/20: bahdotsh/blogr
处理仓库 10/20: h2337/tsink
处理仓库 11/20: bingcicle/crispy-palm-tree
处理仓库 12/20: hxpe-dev/kotofetch
处理仓库 13/20: DavidLiedle/DriftDB
处理仓库 14/20: nacho/servo-gtk
处理仓库 15/20: MariaLetta/free-ferris-pack
处理仓库 16/20: h2337/ghostscan
处理仓库 17/20: yuri-xyz/chroma
处理仓库 18/20: Poseidon-fan/net-mux
处理仓库 19/20: nubskr/walrus
处理仓库 20/20: pingora-web/pingora_web
数据已保存到 /app/data/github_trending_20251010_021936.json
成功获取 20 个热门仓库的详细信息
