正在获取热门仓库...
处理仓库 1/20: jd-opensource/JoySafety
处理仓库 2/20: oxylabs/perplexity-scraper
处理仓库 3/20: antgroup/FluidMarkdown
处理仓库 4/20: oxylabs/google-ai-mode-scraper
处理仓库 5/20: yuuouu/ColorOS-CVE-2025-10184
处理仓库 6/20: spring-ai-alibaba/JManus
处理仓库 7/20: AndroidCSOfficial/android-code-studio
处理仓库 8/20: jookaz/askAndLearn
处理仓库 9/20: liyupi/literature-assistant
处理仓库 10/20: ZeroDaysBroker/GhidraGPT
处理仓库 11/20: spring-ai-alibaba/deepresearch
处理仓库 12/20: Rift0911/FHook
处理仓库 13/20: Dengmuuuu/retry-wheel-parent
处理仓库 14/20: aditisingh2707/Wayback-Recon
处理仓库 15/20: spring-ai-alibaba/DataAgent
处理仓库 16/20: brunoborges/jlib-inspector
处理仓库 17/20: agentscope-ai/agentscope-java
处理仓库 18/20: CasaUni/CasaUni
处理仓库 19/20: desereth/springboot-template
处理仓库 20/20: lahomafonseca/watchtower-api
数据已保存到 /app/data/github_trending_20251001_022907.json
成功获取 20 个热门仓库的详细信息
