正在获取热门仓库...
处理仓库 1/20: fengshao1227/ccg-workflow
处理仓库 2/20: likaia/nginxpulse
处理仓库 3/20: Adversis/tailsnitch
处理仓库 4/20: dennisyang1986/opensqt_market_maker
处理仓库 5/20: sardanioss/httpcloak
处理仓库 6/20: cordum-io/cordum
处理仓库 7/20: finbarr/yolobox
处理仓库 8/20: aqstack/sentinel
处理仓库 9/20: kubeden/clopus-watcher
处理仓库 10/20: pipethedev/distributed-system-algorithms
处理仓库 11/20: loresuso/psc
处理仓库 12/20: k1LoW/git-wt
处理仓库 13/20: bschaatsbergen/cek
处理仓库 14/20: geekjourneyx/md2wechat-skill
处理仓库 15/20: vflame6/leaker
处理仓库 16/20: yoanbernabeu/grepai
处理仓库 17/20: nook24/lagident
处理仓库 18/20: wesm/roborev
处理仓库 19/20: 2ykwang/mac-cleanup-go
处理仓库 20/20: runkids/skillshare
数据已保存到 /app/data/github_trending_20260120_025659.json
成功获取 20 个热门仓库的详细信息
