正在获取热门仓库...
处理仓库 1/20: XTXMarkets/ternfs
处理仓库 2/20: TwoSevenOneT/EDR-Freeze
处理仓库 3/20: TwoSevenOneT/WSASS
处理仓库 4/20: PRBonn/rko_lio
处理仓库 5/20: SheafificationOfG/based-cpp
处理仓库 6/20: goudvuur/sonshell
处理仓库 7/20: mosaico-labs/refx
处理仓库 8/20: 93won/lidar_odometry
处理仓库 9/20: google-deepmind/gemini_icpc2025
处理仓库 10/20: j3h4ck/WatchDogKiller
处理仓库 11/20: xaitax/NTSleuth
处理仓库 12/20: Bziyue/SplineTrajectory
处理仓库 13/20: hackerhouse-opensource/SetupHijack
处理仓库 14/20: nival/Blitzkrieg-2
处理仓库 15/20: Wemino/MarkerPatch
处理仓库 16/20: zero2504/COMouflage
处理仓库 17/20: NiTianErXing666/SmallVmp
处理仓库 18/20: IntelligentControlSystems/ClutteredEnvironment
处理仓库 19/20: callstackincubator/ottrelite
处理仓库 20/20: TheCherno/Architecture
数据已保存到 /app/data/github_trending_20250929_022255.json
成功获取 20 个热门仓库的详细信息
