正在获取热门仓库...
处理仓库 1/20: supertone-inc/supertonic
处理仓库 2/20: pshenok/server-survival
处理仓库 3/20: gamosoft/NoteDiscovery
处理仓库 4/20: eooce/Auto-login-netlib
处理仓库 5/20: glidea/banana-prompt-quicker
处理仓库 6/20: thevangelist/dembrandt
处理仓库 7/20: bscript/rep
处理仓库 8/20: xicilion/markdown-viewer-extension
处理仓库 9/20: 022122/academic-doc-generator
处理仓库 10/20: RhysSullivan/twitter-account-location-in-username
处理仓库 11/20: team-codebug/babua-dsa-patterns-course
处理仓库 12/20: mult1v4c/hestia-core
处理仓库 13/20: ejpir/CVE-2025-55182-poc
处理仓库 14/20: mangguo02/sub
处理仓库 15/20: Angel7Dev/monad-nad.fun-sniper-bundler-bot
处理仓库 16/20: maxandrews/Epstein-doc-explorer
处理仓库 17/20: ethgan/CF-Worker-BestIP-collector
处理仓库 18/20: yunshenwuchuxun/smart-drawio-next
处理仓库 19/20: PozzettiAndrea/ComfyUI-UniRig
处理仓库 20/20: akinloluwami/domains-lookup
数据已保存到 /app/data/github_trending_20251204_024419.json
成功获取 20 个热门仓库的详细信息
