正在获取热门仓库...
处理仓库 1/20: juanjuandog/FinSight-AI
处理仓库 2/20: Lucas0623z/NoteLite
处理仓库 3/20: LSPosed/DirtySepolicy
处理仓库 4/20: OpenYSM/OpenYSM
处理仓库 5/20: ClouGence/open-cdm
处理仓库 6/20: zoyluoblue/mc_aiplayer
处理仓库 7/20: 6537445/jenny-mod-minecraft-
处理仓库 8/20: Margele/OpenZen
处理仓库 9/20: OpenYSMDev/OpenYSM
处理仓库 10/20: fish2018/webhtv
处理仓库 11/20: DevYangJC/Argus
处理仓库 12/20: ZJunCher/xiaoyan-ai-dev-assistant
处理仓库 13/20: pengmoubuaixuexi/TAgent
处理仓库 14/20: jfinal/aifei
处理仓库 15/20: HappyNewYear1995/UBA-X
处理仓库 16/20: striga-ai/CVE-2026-34486
处理仓库 17/20: joshleaves/ghidra-snes
处理仓库 18/20: DataHoopoeRefresh/Hytale-Mods-2026
获取仓库 DataHoopoeRefresh/Hytale-Mods-2026 README 失败: 404 Client Error: Not Found for url: https://api.github.com/repos/DataHoopoeRefresh/Hytale-Mods-2026/readme
处理仓库 19/20: Bell11213442/Ruby-Client
处理仓库 20/20: zerozshare/OpenFriendMod
数据已保存到 /app/data/github_trending_20260527_050950.json
成功获取 20 个热门仓库的详细信息
