正在获取热门仓库...
处理仓库 1/20: nexu-io/open-design
获取仓库 nexu-io/open-design README 失败: 403 Client Error: rate limit exceeded for url: https://api.github.com/repos/nexu-io/open-design/readme
获取仓库 nexu-io/open-design 语言信息失败: 403 Client Error: rate limit exceeded for url: https://api.github.com/repos/nexu-io/open-design/languages
处理仓库 2/20: antirez/ds4
获取仓库 antirez/ds4 README 失败: 403 Client Error: rate limit exceeded for url: https://api.github.com/repos/antirez/ds4/readme
获取仓库 antirez/ds4 语言信息失败: 403 Client Error: rate limit exceeded for url: https://api.github.com/repos/antirez/ds4/languages
处理仓库 3/20: op7418/guizang-ppt-skill
获取仓库 op7418/guizang-ppt-skill README 失败: 403 Client Error: rate limit exceeded for url: https://api.github.com/repos/op7418/guizang-ppt-skill/readme
获取仓库 op7418/guizang-ppt-skill 语言信息失败: 403 Client Error: rate limit exceeded for url: https://api.github.com/repos/op7418/guizang-ppt-skill/languages
处理仓库 4/20: Yuan1z0825/nature-skills
获取仓库 Yuan1z0825/nature-skills README 失败: 403 Client Error: rate limit exceeded for url: https://api.github.com/repos/Yuan1z0825/nature-skills/readme
获取仓库 Yuan1z0825/nature-skills 语言信息失败: 403 Client Error: rate limit exceeded for url: https://api.github.com/repos/Yuan1z0825/nature-skills/languages
处理仓库 5/20: FULU-Foundation/OrcaSlicer-bambulab
获取仓库 FULU-Foundation/OrcaSlicer-bambulab README 失败: 403 Client Error: rate limit exceeded for url: https://api.github.com/repos/FULU-Foundation/OrcaSlicer-bambulab/readme
获取仓库 FULU-Foundation/OrcaSlicer-bambulab 语言信息失败: 403 Client Error: rate limit exceeded for url: https://api.github.com/repos/FULU-Foundation/OrcaSlicer-bambulab/languages
处理仓库 6/20: freestylefly/awesome-gpt-image-2
获取仓库 freestylefly/awesome-gpt-image-2 README 失败: 403 Client Error: rate limit exceeded for url: https://api.github.com/repos/freestylefly/awesome-gpt-image-2/readme
获取仓库 freestylefly/awesome-gpt-image-2 语言信息失败: 403 Client Error: rate limit exceeded for url: https://api.github.com/repos/freestylefly/awesome-gpt-image-2/languages
处理仓库 7/20: V4bel/dirtyfrag
获取仓库 V4bel/dirtyfrag README 失败: 403 Client Error: rate limit exceeded for url: https://api.github.com/repos/V4bel/dirtyfrag/readme
获取仓库 V4bel/dirtyfrag 语言信息失败: 403 Client Error: rate limit exceeded for url: https://api.github.com/repos/V4bel/dirtyfrag/languages
处理仓库 8/20: nexu-io/html-anything
获取仓库 nexu-io/html-anything README 失败: 403 Client Error: rate limit exceeded for url: https://api.github.com/repos/nexu-io/html-anything/readme
获取仓库 nexu-io/html-anything 语言信息失败: 403 Client Error: rate limit exceeded for url: https://api.github.com/repos/nexu-io/html-anything/languages
处理仓库 9/20: BigPizzaV3/CodexPlusPlus
获取仓库 BigPizzaV3/CodexPlusPlus README 失败: 403 Client Error: rate limit exceeded for url: https://api.github.com/repos/BigPizzaV3/CodexPlusPlus/readme
获取仓库 BigPizzaV3/CodexPlusPlus 语言信息失败: 403 Client Error: rate limit exceeded for url: https://api.github.com/repos/BigPizzaV3/CodexPlusPlus/languages
处理仓库 10/20: vercel-labs/zerolang
获取仓库 vercel-labs/zerolang README 失败: 403 Client Error: rate limit exceeded for url: https://api.github.com/repos/vercel-labs/zerolang/readme
获取仓库 vercel-labs/zerolang 语言信息失败: 403 Client Error: rate limit exceeded for url: https://api.github.com/repos/vercel-labs/zerolang/languages
处理仓库 11/20: vercel-labs/zero-native
获取仓库 vercel-labs/zero-native README 失败: 403 Client Error: rate limit exceeded for url: https://api.github.com/repos/vercel-labs/zero-native/readme
获取仓库 vercel-labs/zero-native 语言信息失败: 403 Client Error: rate limit exceeded for url: https://api.github.com/repos/vercel-labs/zero-native/languages
处理仓库 12/20: darrylmorley/whatcable
获取仓库 darrylmorley/whatcable README 失败: 403 Client Error: rate limit exceeded for url: https://api.github.com/repos/darrylmorley/whatcable/readme
获取仓库 darrylmorley/whatcable 语言信息失败: 403 Client Error: rate limit exceeded for url: https://api.github.com/repos/darrylmorley/whatcable/languages
处理仓库 13/20: denuitt1/mhr-cfw
获取仓库 denuitt1/mhr-cfw README 失败: 403 Client Error: rate limit exceeded for url: https://api.github.com/repos/denuitt1/mhr-cfw/readme
获取仓库 denuitt1/mhr-cfw 语言信息失败: 403 Client Error: rate limit exceeded for url: https://api.github.com/repos/denuitt1/mhr-cfw/languages
处理仓库 14/20: theori-io/copy-fail-CVE-2026-31431
获取仓库 theori-io/copy-fail-CVE-2026-31431 README 失败: 403 Client Error: rate limit exceeded for url: https://api.github.com/repos/theori-io/copy-fail-CVE-2026-31431/readme
获取仓库 theori-io/copy-fail-CVE-2026-31431 语言信息失败: 403 Client Error: rate limit exceeded for url: https://api.github.com/repos/theori-io/copy-fail-CVE-2026-31431/languages
处理仓库 15/20: cursor/cookbook
获取仓库 cursor/cookbook README 失败: 403 Client Error: rate limit exceeded for url: https://api.github.com/repos/cursor/cookbook/readme
获取仓库 cursor/cookbook 语言信息失败: 403 Client Error: rate limit exceeded for url: https://api.github.com/repos/cursor/cookbook/languages
处理仓库 16/20: 1weiho/open-slide
获取仓库 1weiho/open-slide README 失败: 403 Client Error: rate limit exceeded for url: https://api.github.com/repos/1weiho/open-slide/readme
获取仓库 1weiho/open-slide 语言信息失败: 403 Client Error: rate limit exceeded for url: https://api.github.com/repos/1weiho/open-slide/languages
处理仓库 17/20: willchen96/mike
获取仓库 willchen96/mike README 失败: 403 Client Error: rate limit exceeded for url: https://api.github.com/repos/willchen96/mike/readme
获取仓库 willchen96/mike 语言信息失败: 403 Client Error: rate limit exceeded for url: https://api.github.com/repos/willchen96/mike/languages
处理仓库 18/20: Fokkyp/SoftwareCopyright-Skill
获取仓库 Fokkyp/SoftwareCopyright-Skill README 失败: 403 Client Error: rate limit exceeded for url: https://api.github.com/repos/Fokkyp/SoftwareCopyright-Skill/readme
获取仓库 Fokkyp/SoftwareCopyright-Skill 语言信息失败: 403 Client Error: rate limit exceeded for url: https://api.github.com/repos/Fokkyp/SoftwareCopyright-Skill/languages
处理仓库 19/20: vercel-labs/deepsec
获取仓库 vercel-labs/deepsec README 失败: 403 Client Error: rate limit exceeded for url: https://api.github.com/repos/vercel-labs/deepsec/readme
获取仓库 vercel-labs/deepsec 语言信息失败: 403 Client Error: rate limit exceeded for url: https://api.github.com/repos/vercel-labs/deepsec/languages
处理仓库 20/20: XBuilderLAB/cheat-on-content
获取仓库 XBuilderLAB/cheat-on-content README 失败: 403 Client Error: rate limit exceeded for url: https://api.github.com/repos/XBuilderLAB/cheat-on-content/readme
获取仓库 XBuilderLAB/cheat-on-content 语言信息失败: 403 Client Error: rate limit exceeded for url: https://api.github.com/repos/XBuilderLAB/cheat-on-content/languages
数据已保存到 /app/data/github_trending_20260523_043337.json
成功获取 20 个热门仓库的详细信息
