正在获取热门仓库...
处理仓库 1/20: danielroe/provenance-action
处理仓库 2/20: voicepowered-ai/VibeVoice-finetuning
处理仓库 3/20: EvolvingLMMs-Lab/LLaVA-OneVision-1.5
处理仓库 4/20: gilshan-s/CRT_Python_AI_A
处理仓库 5/20: fjb040911/free-sqlite
处理仓库 6/20: 0xKronus/SOLANA_SNIPER_BOT
处理仓库 7/20: VeroFess/grok2api
处理仓库 8/20: gilshan-s/C3_CRT_Python
处理仓库 9/20: Scale3-Labs/aisdk-prompt-optimizer
处理仓库 10/20: hb-dha/ai-video
处理仓库 11/20: abdullah20210/KMS-Pico-PortableClient-Module
处理仓库 12/20: daiju-get/warp-auto
处理仓库 13/20: elmoelbadry/KMS-Auto-Client-Portable-Module
处理仓库 14/20: artitect/KMS-Auto-PortableClient-Version-Last
处理仓库 15/20: OpenBMB/VoxCPM
处理仓库 16/20: EyadAhmed999/KMS-Pico-Portable-Module-Last
处理仓库 17/20: pedrosilvaevangelista/Cyberlivre
处理仓库 18/20: fatkodima/activerecord_lazy_columns
处理仓库 19/20: wallen0322/ComfyUI-QI-QwenEditSafe
处理仓库 20/20: haydenkz/cartpole-ts
数据已保存到 /app/data/github_trending_20250917_005253.json
成功获取 20 个热门仓库的详细信息
