正在获取热门仓库...
处理仓库 1/20: stepfun-ai/Step-3.5-Flash
处理仓库 2/20: PulseBeat02/yt-media-storage
处理仓库 3/20: LanRhyme/MicYou
处理仓库 4/20: smartcmd/MinecraftConsoles
处理仓库 5/20: xaskasdf/ntransformer
处理仓库 6/20: johnBuffer/StableIndexVector
处理仓库 7/20: Kelsidavis/WoWee
处理仓库 8/20: OpenDriveLab/kai0
处理仓库 9/20: Frikallo/parakeet.cpp
处理仓库 10/20: Atrix256/Thirteen
处理仓库 11/20: wbenny/scfw
处理仓库 12/20: SulfurNitride/Fluorine-Manager
处理仓库 13/20: rexglue/reblue
处理仓库 14/20: Zephkek/XStoreUnlocker
处理仓库 15/20: LotusInputMethod/fcitx5-lotus
处理仓库 16/20: fullptr/imrefl
处理仓库 17/20: xiyueal/Orange-Engine
处理仓库 18/20: UF-Evan/DIJI-NES
处理仓库 19/20: perryvegehan/Packet_analyzer
处理仓库 20/20: JesseCHale/HaleHound-CYD
数据已保存到 /app/data/github_trending_20260302_032655.json
成功获取 20 个热门仓库的详细信息
