正在获取热门仓库...
处理仓库 1/20: add2ws/etl-engine-project
处理仓库 2/20: LingFrame/LingFrame
处理仓库 3/20: darkfiv/DouSql
处理仓库 4/20: HugoSMPnet/HugoSMP-Client
处理仓库 5/20: zitoxxx/eCaptureBurp
处理仓库 6/20: bafuka/HotArmor
处理仓库 7/20: zhu8915985/ruoqus
处理仓库 8/20: volcengine/veadk-java
处理仓库 9/20: spring-ai-community/spring-ai-playground
处理仓库 10/20: bluuewhale/hash-smith
处理仓库 11/20: shutu-hub/devSphere
处理仓库 12/20: masonliiu/jvm-custom-memory-arena
处理仓库 13/20: jd-opensource/JDOxyGent4J
处理仓库 14/20: BitTheByte/Jarida
处理仓库 15/20: Davidjos03/APITALLY-Java
处理仓库 16/20: idelice/jls
处理仓库 17/20: Fushuling/fastjson_mysql
处理仓库 18/20: bryan31/RogueMap
处理仓库 19/20: lux032/MusicAutoTagger
处理仓库 20/20: qicesun/SRE-Agent-App
数据已保存到 /app/data/github_trending_20251231_025111.json
成功获取 20 个热门仓库的详细信息
