正在获取热门仓库...
处理仓库 1/20: JuliusBrussee/caveman
处理仓库 2/20: MemPalace/mempalace
处理仓库 3/20: santifer/career-ops
处理仓库 4/20: safishamsi/graphify
处理仓库 5/20: alchaincyf/nuwa-skill
处理仓库 6/20: garrytan/gbrain
处理仓库 7/20: nexu-io/open-design
处理仓库 8/20: kyegomez/OpenMythos
处理仓库 9/20: EvoLinkAI/awesome-gpt-image-2-prompts
处理仓库 10/20: alchaincyf/huashu-design
处理仓库 11/20: google-labs-code/design.md
处理仓库 12/20: h4ckf0r0day/obscura
处理仓库 13/20: browser-use/browser-harness
处理仓库 14/20: KKKKhazix/khazix-skills
处理仓库 15/20: alchaincyf/zhangxuefeng-skill
处理仓库 16/20: ultraworkers/claw-code-parity
处理仓库 17/20: browser-use/video-use
处理仓库 18/20: QuipNetwork/quip-protocol-rs
处理仓库 19/20: QuipNetwork/xq-rs
处理仓库 20/20: QuipNetwork/xq-py
数据已保存到 /app/data/github_trending_20260502_041455.json
成功获取 20 个热门仓库的详细信息
